<?xml version="1.0" encoding="UTF-8" ?>
<testsuite failures="0" time="0.328" errors="5" skipped="0" tests="5" name="com.teaminformatics.synodex.dao.impl.CaseDaoTest">
  <properties>
    <property name="java.runtime.name" value="Java(TM) SE Runtime Environment"/>
    <property name="sun.boot.library.path" value="C:\Program Files (x86)\Java\jdk1.6.0_26\jre\bin"/>
    <property name="java.vm.version" value="20.1-b02"/>
    <property name="java.vm.vendor" value="Sun Microsystems Inc."/>
    <property name="java.vendor.url" value="http://java.sun.com/"/>
    <property name="path.separator" value=";"/>
    <property name="java.vm.name" value="Java HotSpot(TM) 64-Bit Server VM"/>
    <property name="file.encoding.pkg" value="sun.io"/>
    <property name="user.country" value="US"/>
    <property name="sun.java.launcher" value="SUN_STANDARD"/>
    <property name="sun.os.patch.level" value="Service Pack 1"/>
    <property name="java.vm.specification.name" value="Java Virtual Machine Specification"/>
    <property name="user.dir" value="C:\dev\workspacesynodex\synodex"/>
    <property name="java.runtime.version" value="1.6.0_26-b03"/>
    <property name="java.awt.graphicsenv" value="sun.awt.Win32GraphicsEnvironment"/>
    <property name="basedir" value="C:\dev\workspacesynodex\synodex"/>
    <property name="java.endorsed.dirs" value="C:\Program Files (x86)\Java\jdk1.6.0_26\jre\lib\endorsed"/>
    <property name="os.arch" value="amd64"/>
    <property name="surefire.real.class.path" value="C:\dev\workspacesynodex\synodex\target\surefire\surefirebooter1916205177332198505.jar"/>
    <property name="java.io.tmpdir" value="C:\Users\pchauvet\AppData\Local\Temp\"/>
    <property name="line.separator" value="
"/>
    <property name="java.vm.specification.vendor" value="Sun Microsystems Inc."/>
    <property name="user.variant" value=""/>
    <property name="os.name" value="Windows 7"/>
    <property name="sun.jnu.encoding" value="Cp1252"/>
    <property name="java.library.path" value="C:\Program Files (x86)\Java\jdk1.6.0_26\jre\bin;C:\Windows\Sun\Java\bin;C:\Windows\system32;C:\Windows;C:\PHP53\;C:\app\pchauvet\product\11.1.0\db_1\bin;c:\batch;C:\Program Files (x86)\Mozilla Firefox\;C:\bin\csvn\bin;C:\cygwin\bin;C:\Windows\system32;C:\Windows;C:\Windows\System32\Wbem;C:\Windows\System32\WindowsPowerShell\v1.0\;C:\Program Files (x86)\Toshiba\Bluetooth Toshiba Stack\sys\;C:\Program Files (x86)\Toshiba\Bluetooth Toshiba Stack\sys\x64\;C:\Program Files (x86)\Windows Imaging\;C:\Program Files (x86)\Java\jdk1.6.0_26\bin;C:\apache-maven-3.0.5\bin;C:\Program Files (x86)\instantclient_10_2;C:\bin\strawberry\c\bin;C:\bin\strawberry\perl\site\bin;C:\bin\strawberry\perl\bin;C:\bin\apache-ant-1.8.2-bin\bin;C:\Program Files (x86)\Microsoft ASP.NET\ASP.NET Web Pages\v1.0\;C:\downloads\eclipseanddotnet\nant-0.92-bin\nant-0.92\\bin;c:\Program Files (x86)\Microsoft SQL Server\100\Tools\Binn\;c:\bin\antlr4;."/>
    <property name="surefire.test.class.path" value="C:\dev\workspacesynodex\synodex\target\test-classes;C:\dev\workspacesynodex\synodex\target\classes;C:\Users\pchauvet\.m2\repository\com\teaminformatics\synodex-core\v2.3.0.0\synodex-core-v2.3.0.0.jar;C:\Users\pchauvet\.m2\repository\org\hibernate\hibernate-core\3.6.1.Final\hibernate-core-3.6.1.Final.jar;C:\Users\pchauvet\.m2\repository\dom4j\dom4j\1.6.1\dom4j-1.6.1.jar;C:\Users\pchauvet\.m2\repository\org\hibernate\hibernate-commons-annotations\3.2.0.Final\hibernate-commons-annotations-3.2.0.Final.jar;C:\Users\pchauvet\.m2\repository\org\hibernate\javax\persistence\hibernate-jpa-2.0-api\1.0.0.Final\hibernate-jpa-2.0-api-1.0.0.Final.jar;C:\Users\pchauvet\.m2\repository\javax\transaction\jta\1.1\jta-1.1.jar;C:\Users\pchauvet\.m2\repository\commons-lang\commons-lang\2.6\commons-lang-2.6.jar;C:\Users\pchauvet\.m2\repository\com\synodex\synodex-utils\v2.3.0.0\synodex-utils-v2.3.0.0.jar;C:\Users\pchauvet\.m2\repository\javassist\javassist\3.12.1.GA\javassist-3.12.1.GA.jar;C:\Users\pchauvet\.m2\repository\org\slf4j\slf4j-simple\1.6.2\slf4j-simple-1.6.2.jar;C:\Users\pchauvet\.m2\repository\org\jasypt\jasypt-hibernate3\1.9.0\jasypt-hibernate3-1.9.0.jar;C:\Users\pchauvet\.m2\repository\log4j\log4j\1.2.16\log4j-1.2.16.jar;C:\Users\pchauvet\.m2\repository\org\appfuse\appfuse-service\2.1.0\appfuse-service-2.1.0.jar;C:\Users\pchauvet\.m2\repository\velocity\velocity\1.4\velocity-1.4.jar;C:\Users\pchauvet\.m2\repository\velocity\velocity-dep\1.4\velocity-dep-1.4.jar;C:\Users\pchauvet\.m2\repository\org\apache\cxf\cxf-rt-frontend-jaxrs\2.3.3\cxf-rt-frontend-jaxrs-2.3.3.jar;C:\Users\pchauvet\.m2\repository\org\apache\cxf\cxf-api\2.3.3\cxf-api-2.3.3.jar;C:\Users\pchauvet\.m2\repository\org\apache\neethi\neethi\2.0.4\neethi-2.0.4.jar;C:\Users\pchauvet\.m2\repository\wsdl4j\wsdl4j\1.6.2\wsdl4j-1.6.2.jar;C:\Users\pchauvet\.m2\repository\org\apache\cxf\cxf-common-schemas\2.3.3\cxf-common-schemas-2.3.3.jar;C:\Users\pchauvet\.m2\repository\org\apache\cxf\cxf-rt-core\2.3.3\cxf-rt-core-2.3.3.jar;C:\Users\pchauvet\.m2\repository\com\sun\xml\bind\jaxb-impl\2.1.13\jaxb-impl-2.1.13.jar;C:\Users\pchauvet\.m2\repository\org\apache\geronimo\specs\geronimo-javamail_1.4_spec\1.7.1\geronimo-javamail_1.4_spec-1.7.1.jar;C:\Users\pchauvet\.m2\repository\javax\ws\rs\jsr311-api\1.1.1\jsr311-api-1.1.1.jar;C:\Users\pchauvet\.m2\repository\org\apache\cxf\cxf-rt-bindings-xml\2.3.3\cxf-rt-bindings-xml-2.3.3.jar;C:\Users\pchauvet\.m2\repository\org\codehaus\jettison\jettison\1.2\jettison-1.2.jar;C:\Users\pchauvet\.m2\repository\org\codehaus\woodstox\woodstox-core-asl\4.1.1\woodstox-core-asl-4.1.1.jar;C:\Users\pchauvet\.m2\repository\org\codehaus\woodstox\stax2-api\3.1.1\stax2-api-3.1.1.jar;C:\Users\pchauvet\.m2\repository\org\apache\cxf\cxf-common-utilities\2.3.3\cxf-common-utilities-2.3.3.jar;C:\Users\pchauvet\.m2\repository\org\apache\ws\commons\schema\XmlSchema\1.4.7\XmlSchema-1.4.7.jar;C:\Users\pchauvet\.m2\repository\org\apache\cxf\cxf-rt-transports-http\2.3.3\cxf-rt-transports-http-2.3.3.jar;C:\Users\pchauvet\.m2\repository\org\apache\cxf\cxf-rt-transports-common\2.3.3\cxf-rt-transports-common-2.3.3.jar;C:\Users\pchauvet\.m2\repository\org\apache\cxf\cxf-rt-frontend-jaxws\2.3.3\cxf-rt-frontend-jaxws-2.3.3.jar;C:\Users\pchauvet\.m2\repository\xml-resolver\xml-resolver\1.2\xml-resolver-1.2.jar;C:\Users\pchauvet\.m2\repository\asm\asm\3.3\asm-3.3.jar;C:\Users\pchauvet\.m2\repository\org\apache\cxf\cxf-rt-bindings-soap\2.3.3\cxf-rt-bindings-soap-2.3.3.jar;C:\Users\pchauvet\.m2\repository\org\apache\cxf\cxf-tools-common\2.3.3\cxf-tools-common-2.3.3.jar;C:\Users\pchauvet\.m2\repository\org\apache\cxf\cxf-rt-databinding-jaxb\2.3.3\cxf-rt-databinding-jaxb-2.3.3.jar;C:\Users\pchauvet\.m2\repository\org\apache\cxf\cxf-rt-frontend-simple\2.3.3\cxf-rt-frontend-simple-2.3.3.jar;C:\Users\pchauvet\.m2\repository\org\apache\cxf\cxf-rt-ws-addr\2.3.3\cxf-rt-ws-addr-2.3.3.jar;C:\Users\pchauvet\.m2\repository\commons-dbcp\commons-dbcp\1.3\commons-dbcp-1.3.jar;C:\Users\pchauvet\.m2\repository\commons-pool\commons-pool\1.5.4\commons-pool-1.5.4.jar;C:\Users\pchauvet\.m2\repository\org\directwebremoting\dwr\2.0.3\dwr-2.0.3.jar;C:\Users\pchauvet\.m2\repository\net\sf\ehcache\ehcache-web\2.0.3\ehcache-web-2.0.3.jar;C:\Users\pchauvet\.m2\repository\javax\servlet\jstl\1.1.2\jstl-1.1.2.jar;C:\Users\pchauvet\.m2\repository\taglibs\standard\1.1.2\standard-1.1.2.jar;C:\Users\pchauvet\.m2\repository\mysql\mysql-connector-java\5.1.14\mysql-connector-java-5.1.14.jar;C:\Users\pchauvet\.m2\repository\struts-menu\struts-menu\2.4.3\struts-menu-2.4.3.jar;C:\Users\pchauvet\.m2\repository\velocity-tools\velocity-tools-view\1.0\velocity-tools-view-1.0.jar;C:\Users\pchauvet\.m2\repository\opensymphony\sitemesh\2.4.2\sitemesh-2.4.2.jar;C:\Users\pchauvet\.m2\repository\org\tuckey\urlrewritefilter\3.1.0\urlrewritefilter-3.1.0.jar;C:\Users\pchauvet\.m2\repository\org\aspectj\aspectjweaver\1.6.10\aspectjweaver-1.6.10.jar;C:\Users\pchauvet\.m2\repository\org\aspectj\aspectjrt\1.6.10\aspectjrt-1.6.10.jar;C:\Users\pchauvet\.m2\repository\org\slf4j\slf4j-api\1.6.1\slf4j-api-1.6.1.jar;C:\Users\pchauvet\.m2\repository\org\slf4j\jcl-over-slf4j\1.6.1\jcl-over-slf4j-1.6.1.jar;C:\Users\pchauvet\.m2\repository\org\slf4j\slf4j-log4j12\1.6.1\slf4j-log4j12-1.6.1.jar;C:\Users\pchauvet\.m2\repository\org\appfuse\appfuse-hibernate\2.1.0\appfuse-hibernate-2.1.0.jar;C:\Users\pchauvet\.m2\repository\org\hibernate\hibernate-ehcache\3.6.1.Final\hibernate-ehcache-3.6.1.Final.jar;C:\Users\pchauvet\.m2\repository\net\sf\ehcache\ehcache-core\2.3.1\ehcache-core-2.3.1.jar;C:\Users\pchauvet\.m2\repository\commons-beanutils\commons-beanutils\1.8.3\commons-beanutils-1.8.3.jar;C:\Users\pchauvet\.m2\repository\org\springframework\spring-aop\3.1.0.M2\spring-aop-3.1.0.M2.jar;C:\Users\pchauvet\.m2\repository\aopalliance\aopalliance\1.0\aopalliance-1.0.jar;C:\Users\pchauvet\.m2\repository\org\springframework\spring-asm\3.1.0.M2\spring-asm-3.1.0.M2.jar;C:\Users\pchauvet\.m2\repository\org\springframework\spring-beans\3.1.0.M2\spring-beans-3.1.0.M2.jar;C:\Users\pchauvet\.m2\repository\org\springframework\spring-core\3.1.0.M2\spring-core-3.1.0.M2.jar;C:\Users\pchauvet\.m2\repository\org\springframework\spring-aspects\3.1.0.M2\spring-aspects-3.1.0.M2.jar;C:\Users\pchauvet\.m2\repository\org\springframework\spring-context\3.1.0.M2\spring-context-3.1.0.M2.jar;C:\Users\pchauvet\.m2\repository\org\springframework\spring-context-support\3.1.0.M2\spring-context-support-3.1.0.M2.jar;C:\Users\pchauvet\.m2\repository\org\springframework\spring-expression\3.1.0.M2\spring-expression-3.1.0.M2.jar;C:\Users\pchauvet\.m2\repository\org\springframework\spring-jdbc\3.1.0.M2\spring-jdbc-3.1.0.M2.jar;C:\Users\pchauvet\.m2\repository\org\springframework\spring-tx\3.1.0.M2\spring-tx-3.1.0.M2.jar;C:\Users\pchauvet\.m2\repository\org\springframework\spring-orm\3.1.0.M2\spring-orm-3.1.0.M2.jar;C:\Users\pchauvet\.m2\repository\org\springframework\spring-web\3.1.0.M2\spring-web-3.1.0.M2.jar;C:\Users\pchauvet\.m2\repository\org\springframework\spring-webmvc\3.1.0.M2\spring-webmvc-3.1.0.M2.jar;C:\Users\pchauvet\.m2\repository\org\springframework\security\spring-security-core\3.1.0.RC3\spring-security-core-3.1.0.RC3.jar;C:\Users\pchauvet\.m2\repository\org\springframework\security\spring-security-crypto\3.1.0.RC3\spring-security-crypto-3.1.0.RC3.jar;C:\Users\pchauvet\.m2\repository\org\springframework\security\spring-security-config\3.1.0.RC3\spring-security-config-3.1.0.RC3.jar;C:\Users\pchauvet\.m2\repository\org\springframework\security\spring-security-taglibs\3.1.0.RC3\spring-security-taglibs-3.1.0.RC3.jar;C:\Users\pchauvet\.m2\repository\org\springframework\security\spring-security-web\3.1.0.RC3\spring-security-web-3.1.0.RC3.jar;C:\Users\pchauvet\.m2\repository\org\springframework\security\spring-security-acl\3.1.0.RC3\spring-security-acl-3.1.0.RC3.jar;C:\Users\pchauvet\.m2\repository\com\oracle\ojdbc6\11.2.0.2\ojdbc6-11.2.0.2.jar;C:\Users\pchauvet\.m2\repository\commons-fileupload\commons-fileupload\1.2.1\commons-fileupload-1.2.1.jar;C:\Users\pchauvet\.m2\repository\org\apache\commons\commons-io\1.3.2\commons-io-1.3.2.jar;C:\Users\pchauvet\.m2\repository\displaytag\displaytag\1.2\displaytag-1.2.jar;C:\Users\pchauvet\.m2\repository\commons-collections\commons-collections\3.1\commons-collections-3.1.jar;C:\Users\pchauvet\.m2\repository\javax\servlet\jsp\jsp-api\2.1\jsp-api-2.1.jar;C:\Users\pchauvet\.m2\repository\javax\servlet\servlet-api\2.5\servlet-api-2.5.jar;C:\Users\pchauvet\.m2\repository\org\springmodules\spring-modules-validation\0.8\spring-modules-validation-0.8.jar;C:\Users\pchauvet\.m2\repository\commons-logging\commons-logging\1.0.4\commons-logging-1.0.4.jar;C:\Users\pchauvet\.m2\repository\commons-validator\commons-validator\1.3.0\commons-validator-1.3.0.jar;C:\Users\pchauvet\.m2\repository\oro\oro\2.0.8\oro-2.0.8.jar;C:\Users\pchauvet\.m2\repository\commons-digester\commons-digester\1.7\commons-digester-1.7.jar;C:\Users\pchauvet\.m2\repository\antlr\antlr\2.7.6\antlr-2.7.6.jar;C:\Users\pchauvet\.m2\repository\rhino\js\1.6R2\js-1.6R2.jar;C:\Users\pchauvet\.m2\repository\org\jmock\jmock\2.5.1\jmock-2.5.1.jar;C:\Users\pchauvet\.m2\repository\org\hamcrest\hamcrest-core\1.1\hamcrest-core-1.1.jar;C:\Users\pchauvet\.m2\repository\org\hamcrest\hamcrest-library\1.1\hamcrest-library-1.1.jar;C:\Users\pchauvet\.m2\repository\org\jmock\jmock-junit4\2.5.1\jmock-junit4-2.5.1.jar;C:\Users\pchauvet\.m2\repository\junit\junit-dep\4.5\junit-dep-4.5.jar;C:\Users\pchauvet\.m2\repository\junit\junit\4.8.2\junit-4.8.2.jar;C:\Users\pchauvet\.m2\repository\org\springframework\spring-test\3.0.5.RELEASE\spring-test-3.0.5.RELEASE.jar;C:\Users\pchauvet\.m2\repository\org\subethamail\subethasmtp-wiser\1.2\subethasmtp-wiser-1.2.jar;C:\Users\pchauvet\.m2\repository\org\subethamail\subethasmtp-smtp\1.2\subethasmtp-smtp-1.2.jar;C:\Users\pchauvet\.m2\repository\javax\mail\mail\1.4\mail-1.4.jar;C:\Users\pchauvet\.m2\repository\org\compass-project\compass\2.2.0\compass-2.2.0.jar;C:\Users\pchauvet\.m2\repository\org\apache\lucene\lucene-core\2.4.1\lucene-core-2.4.1.jar;C:\Users\pchauvet\.m2\repository\com\fasterxml\jackson-module-hibernate\0.7.0\jackson-module-hibernate-0.7.0.jar;C:\Users\pchauvet\.m2\repository\org\codehaus\jackson\jackson-mapper-asl\1.8.5\jackson-mapper-asl-1.8.5.jar;C:\Users\pchauvet\.m2\repository\org\codehaus\jackson\jackson-core-asl\1.8.5\jackson-core-asl-1.8.5.jar;C:\Users\pchauvet\.m2\repository\org\codehaus\jackson\jackson-jaxrs\1.8.5\jackson-jaxrs-1.8.5.jar;C:\Users\pchauvet\.m2\repository\oracle\ucm\ridc\oracle.ucm.ridc\11.1.1.5.0\oracle.ucm.ridc-11.1.1.5.0.jar;C:\Users\pchauvet\.m2\repository\commons-httpclient\commons-httpclient\3.1\commons-httpclient-3.1.jar;C:\Users\pchauvet\.m2\repository\commons-codec\commons-codec\1.2\commons-codec-1.2.jar;C:\Users\pchauvet\.m2\repository\jasperreports\jasperreports\3.5.3\jasperreports-3.5.3.jar;C:\Users\pchauvet\.m2\repository\com\lowagie\itext\2.1.0\itext-2.1.0.jar;C:\Users\pchauvet\.m2\repository\bouncycastle\bcmail-jdk14\136\bcmail-jdk14-136.jar;C:\Users\pchauvet\.m2\repository\bouncycastle\bcprov-jdk14\136\bcprov-jdk14-136.jar;C:\Users\pchauvet\.m2\repository\jfree\jcommon\1.0.15\jcommon-1.0.15.jar;C:\Users\pchauvet\.m2\repository\jfree\jfreechart\1.0.12\jfreechart-1.0.12.jar;C:\Users\pchauvet\.m2\repository\xml-apis\xml-apis\1.3.02\xml-apis-1.3.02.jar;C:\Users\pchauvet\.m2\repository\eclipse\jdtcore\3.1.0\jdtcore-3.1.0.jar;C:\Users\pchauvet\.m2\repository\javax\xml\bind\jaxb-api\2.1\jaxb-api-2.1.jar;C:\Users\pchauvet\.m2\repository\javax\xml\stream\stax-api\1.0-2\stax-api-1.0-2.jar;C:\Users\pchauvet\.m2\repository\javax\activation\activation\1.1\activation-1.1.jar;C:\Users\pchauvet\.m2\repository\xerces\xercesImpl\2.4.0\xercesImpl-2.4.0.jar;C:\Users\pchauvet\.m2\repository\cglib\cglib-nodep\2.2.2\cglib-nodep-2.2.2.jar;C:\Users\pchauvet\.m2\repository\org\jasypt\jasypt\1.9.0\jasypt-1.9.0.jar;C:\Users\pchauvet\.m2\repository\org\jasypt\jasypt-spring2\1.9.0\jasypt-spring2-1.9.0.jar;"/>
    <property name="java.specification.name" value="Java Platform API Specification"/>
    <property name="java.class.version" value="50.0"/>
    <property name="sun.management.compiler" value="HotSpot 64-Bit Tiered Compilers"/>
    <property name="os.version" value="6.1"/>
    <property name="user.home" value="C:\Users\pchauvet"/>
    <property name="user.timezone" value=""/>
    <property name="java.awt.printerjob" value="sun.awt.windows.WPrinterJob"/>
    <property name="java.specification.version" value="1.6"/>
    <property name="file.encoding" value="Cp1252"/>
    <property name="user.name" value="pchauvet"/>
    <property name="java.class.path" value="C:\dev\workspacesynodex\synodex\target\test-classes;C:\dev\workspacesynodex\synodex\target\classes;C:\Users\pchauvet\.m2\repository\com\teaminformatics\synodex-core\v2.3.0.0\synodex-core-v2.3.0.0.jar;C:\Users\pchauvet\.m2\repository\org\hibernate\hibernate-core\3.6.1.Final\hibernate-core-3.6.1.Final.jar;C:\Users\pchauvet\.m2\repository\dom4j\dom4j\1.6.1\dom4j-1.6.1.jar;C:\Users\pchauvet\.m2\repository\org\hibernate\hibernate-commons-annotations\3.2.0.Final\hibernate-commons-annotations-3.2.0.Final.jar;C:\Users\pchauvet\.m2\repository\org\hibernate\javax\persistence\hibernate-jpa-2.0-api\1.0.0.Final\hibernate-jpa-2.0-api-1.0.0.Final.jar;C:\Users\pchauvet\.m2\repository\javax\transaction\jta\1.1\jta-1.1.jar;C:\Users\pchauvet\.m2\repository\commons-lang\commons-lang\2.6\commons-lang-2.6.jar;C:\Users\pchauvet\.m2\repository\com\synodex\synodex-utils\v2.3.0.0\synodex-utils-v2.3.0.0.jar;C:\Users\pchauvet\.m2\repository\javassist\javassist\3.12.1.GA\javassist-3.12.1.GA.jar;C:\Users\pchauvet\.m2\repository\org\slf4j\slf4j-simple\1.6.2\slf4j-simple-1.6.2.jar;C:\Users\pchauvet\.m2\repository\org\jasypt\jasypt-hibernate3\1.9.0\jasypt-hibernate3-1.9.0.jar;C:\Users\pchauvet\.m2\repository\log4j\log4j\1.2.16\log4j-1.2.16.jar;C:\Users\pchauvet\.m2\repository\org\appfuse\appfuse-service\2.1.0\appfuse-service-2.1.0.jar;C:\Users\pchauvet\.m2\repository\velocity\velocity\1.4\velocity-1.4.jar;C:\Users\pchauvet\.m2\repository\velocity\velocity-dep\1.4\velocity-dep-1.4.jar;C:\Users\pchauvet\.m2\repository\org\apache\cxf\cxf-rt-frontend-jaxrs\2.3.3\cxf-rt-frontend-jaxrs-2.3.3.jar;C:\Users\pchauvet\.m2\repository\org\apache\cxf\cxf-api\2.3.3\cxf-api-2.3.3.jar;C:\Users\pchauvet\.m2\repository\org\apache\neethi\neethi\2.0.4\neethi-2.0.4.jar;C:\Users\pchauvet\.m2\repository\wsdl4j\wsdl4j\1.6.2\wsdl4j-1.6.2.jar;C:\Users\pchauvet\.m2\repository\org\apache\cxf\cxf-common-schemas\2.3.3\cxf-common-schemas-2.3.3.jar;C:\Users\pchauvet\.m2\repository\org\apache\cxf\cxf-rt-core\2.3.3\cxf-rt-core-2.3.3.jar;C:\Users\pchauvet\.m2\repository\com\sun\xml\bind\jaxb-impl\2.1.13\jaxb-impl-2.1.13.jar;C:\Users\pchauvet\.m2\repository\org\apache\geronimo\specs\geronimo-javamail_1.4_spec\1.7.1\geronimo-javamail_1.4_spec-1.7.1.jar;C:\Users\pchauvet\.m2\repository\javax\ws\rs\jsr311-api\1.1.1\jsr311-api-1.1.1.jar;C:\Users\pchauvet\.m2\repository\org\apache\cxf\cxf-rt-bindings-xml\2.3.3\cxf-rt-bindings-xml-2.3.3.jar;C:\Users\pchauvet\.m2\repository\org\codehaus\jettison\jettison\1.2\jettison-1.2.jar;C:\Users\pchauvet\.m2\repository\org\codehaus\woodstox\woodstox-core-asl\4.1.1\woodstox-core-asl-4.1.1.jar;C:\Users\pchauvet\.m2\repository\org\codehaus\woodstox\stax2-api\3.1.1\stax2-api-3.1.1.jar;C:\Users\pchauvet\.m2\repository\org\apache\cxf\cxf-common-utilities\2.3.3\cxf-common-utilities-2.3.3.jar;C:\Users\pchauvet\.m2\repository\org\apache\ws\commons\schema\XmlSchema\1.4.7\XmlSchema-1.4.7.jar;C:\Users\pchauvet\.m2\repository\org\apache\cxf\cxf-rt-transports-http\2.3.3\cxf-rt-transports-http-2.3.3.jar;C:\Users\pchauvet\.m2\repository\org\apache\cxf\cxf-rt-transports-common\2.3.3\cxf-rt-transports-common-2.3.3.jar;C:\Users\pchauvet\.m2\repository\org\apache\cxf\cxf-rt-frontend-jaxws\2.3.3\cxf-rt-frontend-jaxws-2.3.3.jar;C:\Users\pchauvet\.m2\repository\xml-resolver\xml-resolver\1.2\xml-resolver-1.2.jar;C:\Users\pchauvet\.m2\repository\asm\asm\3.3\asm-3.3.jar;C:\Users\pchauvet\.m2\repository\org\apache\cxf\cxf-rt-bindings-soap\2.3.3\cxf-rt-bindings-soap-2.3.3.jar;C:\Users\pchauvet\.m2\repository\org\apache\cxf\cxf-tools-common\2.3.3\cxf-tools-common-2.3.3.jar;C:\Users\pchauvet\.m2\repository\org\apache\cxf\cxf-rt-databinding-jaxb\2.3.3\cxf-rt-databinding-jaxb-2.3.3.jar;C:\Users\pchauvet\.m2\repository\org\apache\cxf\cxf-rt-frontend-simple\2.3.3\cxf-rt-frontend-simple-2.3.3.jar;C:\Users\pchauvet\.m2\repository\org\apache\cxf\cxf-rt-ws-addr\2.3.3\cxf-rt-ws-addr-2.3.3.jar;C:\Users\pchauvet\.m2\repository\commons-dbcp\commons-dbcp\1.3\commons-dbcp-1.3.jar;C:\Users\pchauvet\.m2\repository\commons-pool\commons-pool\1.5.4\commons-pool-1.5.4.jar;C:\Users\pchauvet\.m2\repository\org\directwebremoting\dwr\2.0.3\dwr-2.0.3.jar;C:\Users\pchauvet\.m2\repository\net\sf\ehcache\ehcache-web\2.0.3\ehcache-web-2.0.3.jar;C:\Users\pchauvet\.m2\repository\javax\servlet\jstl\1.1.2\jstl-1.1.2.jar;C:\Users\pchauvet\.m2\repository\taglibs\standard\1.1.2\standard-1.1.2.jar;C:\Users\pchauvet\.m2\repository\mysql\mysql-connector-java\5.1.14\mysql-connector-java-5.1.14.jar;C:\Users\pchauvet\.m2\repository\struts-menu\struts-menu\2.4.3\struts-menu-2.4.3.jar;C:\Users\pchauvet\.m2\repository\velocity-tools\velocity-tools-view\1.0\velocity-tools-view-1.0.jar;C:\Users\pchauvet\.m2\repository\opensymphony\sitemesh\2.4.2\sitemesh-2.4.2.jar;C:\Users\pchauvet\.m2\repository\org\tuckey\urlrewritefilter\3.1.0\urlrewritefilter-3.1.0.jar;C:\Users\pchauvet\.m2\repository\org\aspectj\aspectjweaver\1.6.10\aspectjweaver-1.6.10.jar;C:\Users\pchauvet\.m2\repository\org\aspectj\aspectjrt\1.6.10\aspectjrt-1.6.10.jar;C:\Users\pchauvet\.m2\repository\org\slf4j\slf4j-api\1.6.1\slf4j-api-1.6.1.jar;C:\Users\pchauvet\.m2\repository\org\slf4j\jcl-over-slf4j\1.6.1\jcl-over-slf4j-1.6.1.jar;C:\Users\pchauvet\.m2\repository\org\slf4j\slf4j-log4j12\1.6.1\slf4j-log4j12-1.6.1.jar;C:\Users\pchauvet\.m2\repository\org\appfuse\appfuse-hibernate\2.1.0\appfuse-hibernate-2.1.0.jar;C:\Users\pchauvet\.m2\repository\org\hibernate\hibernate-ehcache\3.6.1.Final\hibernate-ehcache-3.6.1.Final.jar;C:\Users\pchauvet\.m2\repository\net\sf\ehcache\ehcache-core\2.3.1\ehcache-core-2.3.1.jar;C:\Users\pchauvet\.m2\repository\commons-beanutils\commons-beanutils\1.8.3\commons-beanutils-1.8.3.jar;C:\Users\pchauvet\.m2\repository\org\springframework\spring-aop\3.1.0.M2\spring-aop-3.1.0.M2.jar;C:\Users\pchauvet\.m2\repository\aopalliance\aopalliance\1.0\aopalliance-1.0.jar;C:\Users\pchauvet\.m2\repository\org\springframework\spring-asm\3.1.0.M2\spring-asm-3.1.0.M2.jar;C:\Users\pchauvet\.m2\repository\org\springframework\spring-beans\3.1.0.M2\spring-beans-3.1.0.M2.jar;C:\Users\pchauvet\.m2\repository\org\springframework\spring-core\3.1.0.M2\spring-core-3.1.0.M2.jar;C:\Users\pchauvet\.m2\repository\org\springframework\spring-aspects\3.1.0.M2\spring-aspects-3.1.0.M2.jar;C:\Users\pchauvet\.m2\repository\org\springframework\spring-context\3.1.0.M2\spring-context-3.1.0.M2.jar;C:\Users\pchauvet\.m2\repository\org\springframework\spring-context-support\3.1.0.M2\spring-context-support-3.1.0.M2.jar;C:\Users\pchauvet\.m2\repository\org\springframework\spring-expression\3.1.0.M2\spring-expression-3.1.0.M2.jar;C:\Users\pchauvet\.m2\repository\org\springframework\spring-jdbc\3.1.0.M2\spring-jdbc-3.1.0.M2.jar;C:\Users\pchauvet\.m2\repository\org\springframework\spring-tx\3.1.0.M2\spring-tx-3.1.0.M2.jar;C:\Users\pchauvet\.m2\repository\org\springframework\spring-orm\3.1.0.M2\spring-orm-3.1.0.M2.jar;C:\Users\pchauvet\.m2\repository\org\springframework\spring-web\3.1.0.M2\spring-web-3.1.0.M2.jar;C:\Users\pchauvet\.m2\repository\org\springframework\spring-webmvc\3.1.0.M2\spring-webmvc-3.1.0.M2.jar;C:\Users\pchauvet\.m2\repository\org\springframework\security\spring-security-core\3.1.0.RC3\spring-security-core-3.1.0.RC3.jar;C:\Users\pchauvet\.m2\repository\org\springframework\security\spring-security-crypto\3.1.0.RC3\spring-security-crypto-3.1.0.RC3.jar;C:\Users\pchauvet\.m2\repository\org\springframework\security\spring-security-config\3.1.0.RC3\spring-security-config-3.1.0.RC3.jar;C:\Users\pchauvet\.m2\repository\org\springframework\security\spring-security-taglibs\3.1.0.RC3\spring-security-taglibs-3.1.0.RC3.jar;C:\Users\pchauvet\.m2\repository\org\springframework\security\spring-security-web\3.1.0.RC3\spring-security-web-3.1.0.RC3.jar;C:\Users\pchauvet\.m2\repository\org\springframework\security\spring-security-acl\3.1.0.RC3\spring-security-acl-3.1.0.RC3.jar;C:\Users\pchauvet\.m2\repository\com\oracle\ojdbc6\11.2.0.2\ojdbc6-11.2.0.2.jar;C:\Users\pchauvet\.m2\repository\commons-fileupload\commons-fileupload\1.2.1\commons-fileupload-1.2.1.jar;C:\Users\pchauvet\.m2\repository\org\apache\commons\commons-io\1.3.2\commons-io-1.3.2.jar;C:\Users\pchauvet\.m2\repository\displaytag\displaytag\1.2\displaytag-1.2.jar;C:\Users\pchauvet\.m2\repository\commons-collections\commons-collections\3.1\commons-collections-3.1.jar;C:\Users\pchauvet\.m2\repository\javax\servlet\jsp\jsp-api\2.1\jsp-api-2.1.jar;C:\Users\pchauvet\.m2\repository\javax\servlet\servlet-api\2.5\servlet-api-2.5.jar;C:\Users\pchauvet\.m2\repository\org\springmodules\spring-modules-validation\0.8\spring-modules-validation-0.8.jar;C:\Users\pchauvet\.m2\repository\commons-logging\commons-logging\1.0.4\commons-logging-1.0.4.jar;C:\Users\pchauvet\.m2\repository\commons-validator\commons-validator\1.3.0\commons-validator-1.3.0.jar;C:\Users\pchauvet\.m2\repository\oro\oro\2.0.8\oro-2.0.8.jar;C:\Users\pchauvet\.m2\repository\commons-digester\commons-digester\1.7\commons-digester-1.7.jar;C:\Users\pchauvet\.m2\repository\antlr\antlr\2.7.6\antlr-2.7.6.jar;C:\Users\pchauvet\.m2\repository\rhino\js\1.6R2\js-1.6R2.jar;C:\Users\pchauvet\.m2\repository\org\jmock\jmock\2.5.1\jmock-2.5.1.jar;C:\Users\pchauvet\.m2\repository\org\hamcrest\hamcrest-core\1.1\hamcrest-core-1.1.jar;C:\Users\pchauvet\.m2\repository\org\hamcrest\hamcrest-library\1.1\hamcrest-library-1.1.jar;C:\Users\pchauvet\.m2\repository\org\jmock\jmock-junit4\2.5.1\jmock-junit4-2.5.1.jar;C:\Users\pchauvet\.m2\repository\junit\junit-dep\4.5\junit-dep-4.5.jar;C:\Users\pchauvet\.m2\repository\junit\junit\4.8.2\junit-4.8.2.jar;C:\Users\pchauvet\.m2\repository\org\springframework\spring-test\3.0.5.RELEASE\spring-test-3.0.5.RELEASE.jar;C:\Users\pchauvet\.m2\repository\org\subethamail\subethasmtp-wiser\1.2\subethasmtp-wiser-1.2.jar;C:\Users\pchauvet\.m2\repository\org\subethamail\subethasmtp-smtp\1.2\subethasmtp-smtp-1.2.jar;C:\Users\pchauvet\.m2\repository\javax\mail\mail\1.4\mail-1.4.jar;C:\Users\pchauvet\.m2\repository\org\compass-project\compass\2.2.0\compass-2.2.0.jar;C:\Users\pchauvet\.m2\repository\org\apache\lucene\lucene-core\2.4.1\lucene-core-2.4.1.jar;C:\Users\pchauvet\.m2\repository\com\fasterxml\jackson-module-hibernate\0.7.0\jackson-module-hibernate-0.7.0.jar;C:\Users\pchauvet\.m2\repository\org\codehaus\jackson\jackson-mapper-asl\1.8.5\jackson-mapper-asl-1.8.5.jar;C:\Users\pchauvet\.m2\repository\org\codehaus\jackson\jackson-core-asl\1.8.5\jackson-core-asl-1.8.5.jar;C:\Users\pchauvet\.m2\repository\org\codehaus\jackson\jackson-jaxrs\1.8.5\jackson-jaxrs-1.8.5.jar;C:\Users\pchauvet\.m2\repository\oracle\ucm\ridc\oracle.ucm.ridc\11.1.1.5.0\oracle.ucm.ridc-11.1.1.5.0.jar;C:\Users\pchauvet\.m2\repository\commons-httpclient\commons-httpclient\3.1\commons-httpclient-3.1.jar;C:\Users\pchauvet\.m2\repository\commons-codec\commons-codec\1.2\commons-codec-1.2.jar;C:\Users\pchauvet\.m2\repository\jasperreports\jasperreports\3.5.3\jasperreports-3.5.3.jar;C:\Users\pchauvet\.m2\repository\com\lowagie\itext\2.1.0\itext-2.1.0.jar;C:\Users\pchauvet\.m2\repository\bouncycastle\bcmail-jdk14\136\bcmail-jdk14-136.jar;C:\Users\pchauvet\.m2\repository\bouncycastle\bcprov-jdk14\136\bcprov-jdk14-136.jar;C:\Users\pchauvet\.m2\repository\jfree\jcommon\1.0.15\jcommon-1.0.15.jar;C:\Users\pchauvet\.m2\repository\jfree\jfreechart\1.0.12\jfreechart-1.0.12.jar;C:\Users\pchauvet\.m2\repository\xml-apis\xml-apis\1.3.02\xml-apis-1.3.02.jar;C:\Users\pchauvet\.m2\repository\eclipse\jdtcore\3.1.0\jdtcore-3.1.0.jar;C:\Users\pchauvet\.m2\repository\javax\xml\bind\jaxb-api\2.1\jaxb-api-2.1.jar;C:\Users\pchauvet\.m2\repository\javax\xml\stream\stax-api\1.0-2\stax-api-1.0-2.jar;C:\Users\pchauvet\.m2\repository\javax\activation\activation\1.1\activation-1.1.jar;C:\Users\pchauvet\.m2\repository\xerces\xercesImpl\2.4.0\xercesImpl-2.4.0.jar;C:\Users\pchauvet\.m2\repository\cglib\cglib-nodep\2.2.2\cglib-nodep-2.2.2.jar;C:\Users\pchauvet\.m2\repository\org\jasypt\jasypt\1.9.0\jasypt-1.9.0.jar;C:\Users\pchauvet\.m2\repository\org\jasypt\jasypt-spring2\1.9.0\jasypt-spring2-1.9.0.jar;"/>
    <property name="java.vm.specification.version" value="1.0"/>
    <property name="sun.arch.data.model" value="64"/>
    <property name="java.home" value="C:\Program Files (x86)\Java\jdk1.6.0_26\jre"/>
    <property name="sun.java.command" value="C:\dev\workspacesynodex\synodex\target\surefire\surefirebooter1916205177332198505.jar C:\dev\workspacesynodex\synodex\target\surefire\surefire7528270814326139454tmp C:\dev\workspacesynodex\synodex\target\surefire\surefire7172418769622303759tmp"/>
    <property name="java.specification.vendor" value="Sun Microsystems Inc."/>
    <property name="user.language" value="en"/>
    <property name="awt.toolkit" value="sun.awt.windows.WToolkit"/>
    <property name="java.vm.info" value="mixed mode"/>
    <property name="java.version" value="1.6.0_26"/>
    <property name="java.ext.dirs" value="C:\Program Files (x86)\Java\jdk1.6.0_26\jre\lib\ext;C:\Windows\Sun\Java\lib\ext"/>
    <property name="sun.boot.class.path" value="C:\Program Files (x86)\Java\jdk1.6.0_26\jre\lib\resources.jar;C:\Program Files (x86)\Java\jdk1.6.0_26\jre\lib\rt.jar;C:\Program Files (x86)\Java\jdk1.6.0_26\jre\lib\sunrsasign.jar;C:\Program Files (x86)\Java\jdk1.6.0_26\jre\lib\jsse.jar;C:\Program Files (x86)\Java\jdk1.6.0_26\jre\lib\jce.jar;C:\Program Files (x86)\Java\jdk1.6.0_26\jre\lib\charsets.jar;C:\Program Files (x86)\Java\jdk1.6.0_26\jre\lib\modules\jdk.boot.jar;C:\Program Files (x86)\Java\jdk1.6.0_26\jre\classes"/>
    <property name="java.vendor" value="Sun Microsystems Inc."/>
    <property name="skipTest" value="true"/>
    <property name="localRepository" value="C:\Users\pchauvet\.m2\repository"/>
    <property name="file.separator" value="\"/>
    <property name="java.vendor.url.bug" value="http://java.sun.com/cgi-bin/bugreport.cgi"/>
    <property name="sun.cpu.endian" value="little"/>
    <property name="sun.io.unicode.encoding" value="UnicodeLittle"/>
    <property name="sun.desktop" value="windows"/>
    <property name="sun.cpu.isalist" value="amd64"/>
  </properties>
  <testcase time="0.126" classname="com.teaminformatics.synodex.dao.impl.CaseDaoTest" name="getDPEntriesForStep2">
    <error message="Failed to load ApplicationContext" type="java.lang.IllegalStateException">java.lang.IllegalStateException: Failed to load ApplicationContext
	at org.springframework.test.context.TestContext.getApplicationContext(TestContext.java:308)
	at org.springframework.test.context.support.DependencyInjectionTestExecutionListener.injectDependencies(DependencyInjectionTestExecutionListener.java:109)
	at org.springframework.test.context.support.DependencyInjectionTestExecutionListener.prepareTestInstance(DependencyInjectionTestExecutionListener.java:75)
	at org.springframework.test.context.TestContextManager.prepareTestInstance(TestContextManager.java:321)
	at org.springframework.test.context.junit4.SpringJUnit4ClassRunner.createTest(SpringJUnit4ClassRunner.java:220)
	at org.springframework.test.context.junit4.SpringJUnit4ClassRunner$1.runReflectiveCall(SpringJUnit4ClassRunner.java:301)
	at org.junit.internal.runners.model.ReflectiveCallable.run(ReflectiveCallable.java:15)
	at org.springframework.test.context.junit4.SpringJUnit4ClassRunner.methodBlock(SpringJUnit4ClassRunner.java:303)
	at org.springframework.test.context.junit4.SpringJUnit4ClassRunner.runChild(SpringJUnit4ClassRunner.java:240)
	at org.junit.runners.BlockJUnit4ClassRunner.runChild(BlockJUnit4ClassRunner.java:46)
	at org.junit.runners.ParentRunner.runChildren(ParentRunner.java:180)
	at org.junit.runners.ParentRunner.access$000(ParentRunner.java:41)
	at org.junit.runners.ParentRunner$1.evaluate(ParentRunner.java:173)
	at org.junit.internal.runners.statements.RunBefores.evaluate(RunBefores.java:28)
	at org.springframework.test.context.junit4.statements.RunBeforeTestClassCallbacks.evaluate(RunBeforeTestClassCallbacks.java:61)
	at org.junit.internal.runners.statements.RunAfters.evaluate(RunAfters.java:31)
	at org.springframework.test.context.junit4.statements.RunAfterTestClassCallbacks.evaluate(RunAfterTestClassCallbacks.java:70)
	at org.junit.runners.ParentRunner.run(ParentRunner.java:220)
	at org.springframework.test.context.junit4.SpringJUnit4ClassRunner.run(SpringJUnit4ClassRunner.java:180)
	at org.apache.maven.surefire.junit4.JUnit4TestSet.execute(JUnit4TestSet.java:35)
	at org.apache.maven.surefire.junit4.JUnit4Provider.executeTestSet(JUnit4Provider.java:115)
	at org.apache.maven.surefire.junit4.JUnit4Provider.invoke(JUnit4Provider.java:97)
	at sun.reflect.NativeMethodAccessorImpl.invoke0(Native Method)
	at sun.reflect.NativeMethodAccessorImpl.invoke(NativeMethodAccessorImpl.java:39)
	at sun.reflect.DelegatingMethodAccessorImpl.invoke(DelegatingMethodAccessorImpl.java:25)
	at java.lang.reflect.Method.invoke(Method.java:597)
	at org.apache.maven.surefire.booter.ProviderFactory$ClassLoaderProxy.invoke(ProviderFactory.java:103)
	at $Proxy0.invoke(Unknown Source)
	at org.apache.maven.surefire.booter.SurefireStarter.invokeProvider(SurefireStarter.java:150)
	at org.apache.maven.surefire.booter.SurefireStarter.runSuitesInProcess(SurefireStarter.java:91)
	at org.apache.maven.surefire.booter.ForkedBooter.main(ForkedBooter.java:69)
Caused by: org.springframework.beans.factory.BeanDefinitionStoreException: IOException parsing XML document from class path resource [com/teaminformatics/synodex/dao/impl/CaseDaoTest-context.xml]; nested exception is java.io.FileNotFoundException: class path resource [com/teaminformatics/synodex/dao/impl/CaseDaoTest-context.xml] cannot be opened because it does not exist
	at org.springframework.beans.factory.xml.XmlBeanDefinitionReader.loadBeanDefinitions(XmlBeanDefinitionReader.java:341)
	at org.springframework.beans.factory.xml.XmlBeanDefinitionReader.loadBeanDefinitions(XmlBeanDefinitionReader.java:302)
	at org.springframework.beans.factory.support.AbstractBeanDefinitionReader.loadBeanDefinitions(AbstractBeanDefinitionReader.java:174)
	at org.springframework.beans.factory.support.AbstractBeanDefinitionReader.loadBeanDefinitions(AbstractBeanDefinitionReader.java:209)
	at org.springframework.beans.factory.support.AbstractBeanDefinitionReader.loadBeanDefinitions(AbstractBeanDefinitionReader.java:180)
	at org.springframework.beans.factory.support.AbstractBeanDefinitionReader.loadBeanDefinitions(AbstractBeanDefinitionReader.java:243)
	at org.springframework.test.context.support.AbstractGenericContextLoader.loadContext(AbstractGenericContextLoader.java:81)
	at org.springframework.test.context.support.AbstractGenericContextLoader.loadContext(AbstractGenericContextLoader.java:1)
	at org.springframework.test.context.TestContext.loadApplicationContext(TestContext.java:280)
	at org.springframework.test.context.TestContext.getApplicationContext(TestContext.java:304)
	... 30 more
Caused by: java.io.FileNotFoundException: class path resource [com/teaminformatics/synodex/dao/impl/CaseDaoTest-context.xml] cannot be opened because it does not exist
	at org.springframework.core.io.ClassPathResource.getInputStream(ClassPathResource.java:158)
	at org.springframework.beans.factory.xml.XmlBeanDefinitionReader.loadBeanDefinitions(XmlBeanDefinitionReader.java:328)
	... 39 more
</error>
    <system-out>@HL
@HL-------------------------------------------------------
@HL T E S T S
@HL-------------------------------------------------------
@SLRunning com.teaminformatics.synodex.dao.impl.CaseDaoTest
</system-out>
    <system-err>SLF4J: Class path contains multiple SLF4J bindings.
SLF4J: Found binding in [jar:file:/C:/Users/pchauvet/.m2/repository/org/slf4j/slf4j-simple/1.6.2/slf4j-simple-1.6.2.jar!/org/slf4j/impl/StaticLoggerBinder.class]
SLF4J: Found binding in [jar:file:/C:/Users/pchauvet/.m2/repository/org/slf4j/slf4j-log4j12/1.6.1/slf4j-log4j12-1.6.1.jar!/org/slf4j/impl/StaticLoggerBinder.class]
SLF4J: See http://www.slf4j.org/codes.html#multiple_bindings for an explanation.
165 [main] INFO org.springframework.beans.factory.xml.XmlBeanDefinitionReader - Loading XML bean definitions from class path resource [com/teaminformatics/synodex/dao/impl/CaseDaoTest-context.xml]
166 [main] ERROR org.springframework.test.context.TestContextManager - Caught exception while allowing TestExecutionListener [org.springframework.test.context.support.DependencyInjectionTestExecutionListener@27b15692] to prepare test instance [com.teaminformatics.synodex.dao.impl.CaseDaoTest@6baa9f99]
java.lang.IllegalStateException: Failed to load ApplicationContext
	at org.springframework.test.context.TestContext.getApplicationContext(TestContext.java:308)
	at org.springframework.test.context.support.DependencyInjectionTestExecutionListener.injectDependencies(DependencyInjectionTestExecutionListener.java:109)
	at org.springframework.test.context.support.DependencyInjectionTestExecutionListener.prepareTestInstance(DependencyInjectionTestExecutionListener.java:75)
	at org.springframework.test.context.TestContextManager.prepareTestInstance(TestContextManager.java:321)
	at org.springframework.test.context.junit4.SpringJUnit4ClassRunner.createTest(SpringJUnit4ClassRunner.java:220)
	at org.springframework.test.context.junit4.SpringJUnit4ClassRunner$1.runReflectiveCall(SpringJUnit4ClassRunner.java:301)
	at org.junit.internal.runners.model.ReflectiveCallable.run(ReflectiveCallable.java:15)
	at org.springframework.test.context.junit4.SpringJUnit4ClassRunner.methodBlock(SpringJUnit4ClassRunner.java:303)
	at org.springframework.test.context.junit4.SpringJUnit4ClassRunner.runChild(SpringJUnit4ClassRunner.java:240)
	at org.junit.runners.BlockJUnit4ClassRunner.runChild(BlockJUnit4ClassRunner.java:46)
	at org.junit.runners.ParentRunner.runChildren(ParentRunner.java:180)
	at org.junit.runners.ParentRunner.access$000(ParentRunner.java:41)
	at org.junit.runners.ParentRunner$1.evaluate(ParentRunner.java:173)
	at org.junit.internal.runners.statements.RunBefores.evaluate(RunBefores.java:28)
	at org.springframework.test.context.junit4.statements.RunBeforeTestClassCallbacks.evaluate(RunBeforeTestClassCallbacks.java:61)
	at org.junit.internal.runners.statements.RunAfters.evaluate(RunAfters.java:31)
	at org.springframework.test.context.junit4.statements.RunAfterTestClassCallbacks.evaluate(RunAfterTestClassCallbacks.java:70)
	at org.junit.runners.ParentRunner.run(ParentRunner.java:220)
	at org.springframework.test.context.junit4.SpringJUnit4ClassRunner.run(SpringJUnit4ClassRunner.java:180)
	at org.apache.maven.surefire.junit4.JUnit4TestSet.execute(JUnit4TestSet.java:35)
	at org.apache.maven.surefire.junit4.JUnit4Provider.executeTestSet(JUnit4Provider.java:115)
	at org.apache.maven.surefire.junit4.JUnit4Provider.invoke(JUnit4Provider.java:97)
	at sun.reflect.NativeMethodAccessorImpl.invoke0(Native Method)
	at sun.reflect.NativeMethodAccessorImpl.invoke(NativeMethodAccessorImpl.java:39)
	at sun.reflect.DelegatingMethodAccessorImpl.invoke(DelegatingMethodAccessorImpl.java:25)
	at java.lang.reflect.Method.invoke(Method.java:597)
	at org.apache.maven.surefire.booter.ProviderFactory$ClassLoaderProxy.invoke(ProviderFactory.java:103)
	at $Proxy0.invoke(Unknown Source)
	at org.apache.maven.surefire.booter.SurefireStarter.invokeProvider(SurefireStarter.java:150)
	at org.apache.maven.surefire.booter.SurefireStarter.runSuitesInProcess(SurefireStarter.java:91)
	at org.apache.maven.surefire.booter.ForkedBooter.main(ForkedBooter.java:69)
Caused by: org.springframework.beans.factory.BeanDefinitionStoreException: IOException parsing XML document from class path resource [com/teaminformatics/synodex/dao/impl/CaseDaoTest-context.xml]; nested exception is java.io.FileNotFoundException: class path resource [com/teaminformatics/synodex/dao/impl/CaseDaoTest-context.xml] cannot be opened because it does not exist
	at org.springframework.beans.factory.xml.XmlBeanDefinitionReader.loadBeanDefinitions(XmlBeanDefinitionReader.java:341)
	at org.springframework.beans.factory.xml.XmlBeanDefinitionReader.loadBeanDefinitions(XmlBeanDefinitionReader.java:302)
	at org.springframework.beans.factory.support.AbstractBeanDefinitionReader.loadBeanDefinitions(AbstractBeanDefinitionReader.java:174)
	at org.springframework.beans.factory.support.AbstractBeanDefinitionReader.loadBeanDefinitions(AbstractBeanDefinitionReader.java:209)
	at org.springframework.beans.factory.support.AbstractBeanDefinitionReader.loadBeanDefinitions(AbstractBeanDefinitionReader.java:180)
	at org.springframework.beans.factory.support.AbstractBeanDefinitionReader.loadBeanDefinitions(AbstractBeanDefinitionReader.java:243)
	at org.springframework.test.context.support.AbstractGenericContextLoader.loadContext(AbstractGenericContextLoader.java:81)
	at org.springframework.test.context.support.AbstractGenericContextLoader.loadContext(AbstractGenericContextLoader.java:1)
	at org.springframework.test.context.TestContext.loadApplicationContext(TestContext.java:280)
	at org.springframework.test.context.TestContext.getApplicationContext(TestContext.java:304)
	... 30 more
Caused by: java.io.FileNotFoundException: class path resource [com/teaminformatics/synodex/dao/impl/CaseDaoTest-context.xml] cannot be opened because it does not exist
	at org.springframework.core.io.ClassPathResource.getInputStream(ClassPathResource.java:158)
	at org.springframework.beans.factory.xml.XmlBeanDefinitionReader.loadBeanDefinitions(XmlBeanDefinitionReader.java:328)
	... 39 more
</system-err>
  </testcase>
  <testcase time="0.017" classname="com.teaminformatics.synodex.dao.impl.CaseDaoTest" name="getDPEntriesForStep3">
    <error message="Failed to load ApplicationContext" type="java.lang.IllegalStateException">java.lang.IllegalStateException: Failed to load ApplicationContext
	at org.springframework.test.context.TestContext.getApplicationContext(TestContext.java:308)
	at org.springframework.test.context.support.DependencyInjectionTestExecutionListener.injectDependencies(DependencyInjectionTestExecutionListener.java:109)
	at org.springframework.test.context.support.DependencyInjectionTestExecutionListener.prepareTestInstance(DependencyInjectionTestExecutionListener.java:75)
	at org.springframework.test.context.TestContextManager.prepareTestInstance(TestContextManager.java:321)
	at org.springframework.test.context.junit4.SpringJUnit4ClassRunner.createTest(SpringJUnit4ClassRunner.java:220)
	at org.springframework.test.context.junit4.SpringJUnit4ClassRunner$1.runReflectiveCall(SpringJUnit4ClassRunner.java:301)
	at org.junit.internal.runners.model.ReflectiveCallable.run(ReflectiveCallable.java:15)
	at org.springframework.test.context.junit4.SpringJUnit4ClassRunner.methodBlock(SpringJUnit4ClassRunner.java:303)
	at org.springframework.test.context.junit4.SpringJUnit4ClassRunner.runChild(SpringJUnit4ClassRunner.java:240)
	at org.junit.runners.BlockJUnit4ClassRunner.runChild(BlockJUnit4ClassRunner.java:46)
	at org.junit.runners.ParentRunner.runChildren(ParentRunner.java:180)
	at org.junit.runners.ParentRunner.access$000(ParentRunner.java:41)
	at org.junit.runners.ParentRunner$1.evaluate(ParentRunner.java:173)
	at org.junit.internal.runners.statements.RunBefores.evaluate(RunBefores.java:28)
	at org.springframework.test.context.junit4.statements.RunBeforeTestClassCallbacks.evaluate(RunBeforeTestClassCallbacks.java:61)
	at org.junit.internal.runners.statements.RunAfters.evaluate(RunAfters.java:31)
	at org.springframework.test.context.junit4.statements.RunAfterTestClassCallbacks.evaluate(RunAfterTestClassCallbacks.java:70)
	at org.junit.runners.ParentRunner.run(ParentRunner.java:220)
	at org.springframework.test.context.junit4.SpringJUnit4ClassRunner.run(SpringJUnit4ClassRunner.java:180)
	at org.apache.maven.surefire.junit4.JUnit4TestSet.execute(JUnit4TestSet.java:35)
	at org.apache.maven.surefire.junit4.JUnit4Provider.executeTestSet(JUnit4Provider.java:115)
	at org.apache.maven.surefire.junit4.JUnit4Provider.invoke(JUnit4Provider.java:97)
	at sun.reflect.NativeMethodAccessorImpl.invoke0(Native Method)
	at sun.reflect.NativeMethodAccessorImpl.invoke(NativeMethodAccessorImpl.java:39)
	at sun.reflect.DelegatingMethodAccessorImpl.invoke(DelegatingMethodAccessorImpl.java:25)
	at java.lang.reflect.Method.invoke(Method.java:597)
	at org.apache.maven.surefire.booter.ProviderFactory$ClassLoaderProxy.invoke(ProviderFactory.java:103)
	at $Proxy0.invoke(Unknown Source)
	at org.apache.maven.surefire.booter.SurefireStarter.invokeProvider(SurefireStarter.java:150)
	at org.apache.maven.surefire.booter.SurefireStarter.runSuitesInProcess(SurefireStarter.java:91)
	at org.apache.maven.surefire.booter.ForkedBooter.main(ForkedBooter.java:69)
Caused by: org.springframework.beans.factory.BeanDefinitionStoreException: IOException parsing XML document from class path resource [com/teaminformatics/synodex/dao/impl/CaseDaoTest-context.xml]; nested exception is java.io.FileNotFoundException: class path resource [com/teaminformatics/synodex/dao/impl/CaseDaoTest-context.xml] cannot be opened because it does not exist
	at org.springframework.beans.factory.xml.XmlBeanDefinitionReader.loadBeanDefinitions(XmlBeanDefinitionReader.java:341)
	at org.springframework.beans.factory.xml.XmlBeanDefinitionReader.loadBeanDefinitions(XmlBeanDefinitionReader.java:302)
	at org.springframework.beans.factory.support.AbstractBeanDefinitionReader.loadBeanDefinitions(AbstractBeanDefinitionReader.java:174)
	at org.springframework.beans.factory.support.AbstractBeanDefinitionReader.loadBeanDefinitions(AbstractBeanDefinitionReader.java:209)
	at org.springframework.beans.factory.support.AbstractBeanDefinitionReader.loadBeanDefinitions(AbstractBeanDefinitionReader.java:180)
	at org.springframework.beans.factory.support.AbstractBeanDefinitionReader.loadBeanDefinitions(AbstractBeanDefinitionReader.java:243)
	at org.springframework.test.context.support.AbstractGenericContextLoader.loadContext(AbstractGenericContextLoader.java:81)
	at org.springframework.test.context.support.AbstractGenericContextLoader.loadContext(AbstractGenericContextLoader.java:1)
	at org.springframework.test.context.TestContext.loadApplicationContext(TestContext.java:280)
	at org.springframework.test.context.TestContext.getApplicationContext(TestContext.java:304)
	... 30 more
Caused by: java.io.FileNotFoundException: class path resource [com/teaminformatics/synodex/dao/impl/CaseDaoTest-context.xml] cannot be opened because it does not exist
	at org.springframework.core.io.ClassPathResource.getInputStream(ClassPathResource.java:158)
	at org.springframework.beans.factory.xml.XmlBeanDefinitionReader.loadBeanDefinitions(XmlBeanDefinitionReader.java:328)
	... 39 more
</error>
    <system-err>196 [main] INFO org.springframework.beans.factory.xml.XmlBeanDefinitionReader - Loading XML bean definitions from class path resource [com/teaminformatics/synodex/dao/impl/CaseDaoTest-context.xml]
196 [main] ERROR org.springframework.test.context.TestContextManager - Caught exception while allowing TestExecutionListener [org.springframework.test.context.support.DependencyInjectionTestExecutionListener@27b15692] to prepare test instance [com.teaminformatics.synodex.dao.impl.CaseDaoTest@144aa0ce]
java.lang.IllegalStateException: Failed to load ApplicationContext
	at org.springframework.test.context.TestContext.getApplicationContext(TestContext.java:308)
	at org.springframework.test.context.support.DependencyInjectionTestExecutionListener.injectDependencies(DependencyInjectionTestExecutionListener.java:109)
	at org.springframework.test.context.support.DependencyInjectionTestExecutionListener.prepareTestInstance(DependencyInjectionTestExecutionListener.java:75)
	at org.springframework.test.context.TestContextManager.prepareTestInstance(TestContextManager.java:321)
	at org.springframework.test.context.junit4.SpringJUnit4ClassRunner.createTest(SpringJUnit4ClassRunner.java:220)
	at org.springframework.test.context.junit4.SpringJUnit4ClassRunner$1.runReflectiveCall(SpringJUnit4ClassRunner.java:301)
	at org.junit.internal.runners.model.ReflectiveCallable.run(ReflectiveCallable.java:15)
	at org.springframework.test.context.junit4.SpringJUnit4ClassRunner.methodBlock(SpringJUnit4ClassRunner.java:303)
	at org.springframework.test.context.junit4.SpringJUnit4ClassRunner.runChild(SpringJUnit4ClassRunner.java:240)
	at org.junit.runners.BlockJUnit4ClassRunner.runChild(BlockJUnit4ClassRunner.java:46)
	at org.junit.runners.ParentRunner.runChildren(ParentRunner.java:180)
	at org.junit.runners.ParentRunner.access$000(ParentRunner.java:41)
	at org.junit.runners.ParentRunner$1.evaluate(ParentRunner.java:173)
	at org.junit.internal.runners.statements.RunBefores.evaluate(RunBefores.java:28)
	at org.springframework.test.context.junit4.statements.RunBeforeTestClassCallbacks.evaluate(RunBeforeTestClassCallbacks.java:61)
	at org.junit.internal.runners.statements.RunAfters.evaluate(RunAfters.java:31)
	at org.springframework.test.context.junit4.statements.RunAfterTestClassCallbacks.evaluate(RunAfterTestClassCallbacks.java:70)
	at org.junit.runners.ParentRunner.run(ParentRunner.java:220)
	at org.springframework.test.context.junit4.SpringJUnit4ClassRunner.run(SpringJUnit4ClassRunner.java:180)
	at org.apache.maven.surefire.junit4.JUnit4TestSet.execute(JUnit4TestSet.java:35)
	at org.apache.maven.surefire.junit4.JUnit4Provider.executeTestSet(JUnit4Provider.java:115)
	at org.apache.maven.surefire.junit4.JUnit4Provider.invoke(JUnit4Provider.java:97)
	at sun.reflect.NativeMethodAccessorImpl.invoke0(Native Method)
	at sun.reflect.NativeMethodAccessorImpl.invoke(NativeMethodAccessorImpl.java:39)
	at sun.reflect.DelegatingMethodAccessorImpl.invoke(DelegatingMethodAccessorImpl.java:25)
	at java.lang.reflect.Method.invoke(Method.java:597)
	at org.apache.maven.surefire.booter.ProviderFactory$ClassLoaderProxy.invoke(ProviderFactory.java:103)
	at $Proxy0.invoke(Unknown Source)
	at org.apache.maven.surefire.booter.SurefireStarter.invokeProvider(SurefireStarter.java:150)
	at org.apache.maven.surefire.booter.SurefireStarter.runSuitesInProcess(SurefireStarter.java:91)
	at org.apache.maven.surefire.booter.ForkedBooter.main(ForkedBooter.java:69)
Caused by: org.springframework.beans.factory.BeanDefinitionStoreException: IOException parsing XML document from class path resource [com/teaminformatics/synodex/dao/impl/CaseDaoTest-context.xml]; nested exception is java.io.FileNotFoundException: class path resource [com/teaminformatics/synodex/dao/impl/CaseDaoTest-context.xml] cannot be opened because it does not exist
	at org.springframework.beans.factory.xml.XmlBeanDefinitionReader.loadBeanDefinitions(XmlBeanDefinitionReader.java:341)
	at org.springframework.beans.factory.xml.XmlBeanDefinitionReader.loadBeanDefinitions(XmlBeanDefinitionReader.java:302)
	at org.springframework.beans.factory.support.AbstractBeanDefinitionReader.loadBeanDefinitions(AbstractBeanDefinitionReader.java:174)
	at org.springframework.beans.factory.support.AbstractBeanDefinitionReader.loadBeanDefinitions(AbstractBeanDefinitionReader.java:209)
	at org.springframework.beans.factory.support.AbstractBeanDefinitionReader.loadBeanDefinitions(AbstractBeanDefinitionReader.java:180)
	at org.springframework.beans.factory.support.AbstractBeanDefinitionReader.loadBeanDefinitions(AbstractBeanDefinitionReader.java:243)
	at org.springframework.test.context.support.AbstractGenericContextLoader.loadContext(AbstractGenericContextLoader.java:81)
	at org.springframework.test.context.support.AbstractGenericContextLoader.loadContext(AbstractGenericContextLoader.java:1)
	at org.springframework.test.context.TestContext.loadApplicationContext(TestContext.java:280)
	at org.springframework.test.context.TestContext.getApplicationContext(TestContext.java:304)
	... 30 more
Caused by: java.io.FileNotFoundException: class path resource [com/teaminformatics/synodex/dao/impl/CaseDaoTest-context.xml] cannot be opened because it does not exist
	at org.springframework.core.io.ClassPathResource.getInputStream(ClassPathResource.java:158)
	at org.springframework.beans.factory.xml.XmlBeanDefinitionReader.loadBeanDefinitions(XmlBeanDefinitionReader.java:328)
	... 39 more
</system-err>
  </testcase>
  <testcase time="0.021" classname="com.teaminformatics.synodex.dao.impl.CaseDaoTest" name="getDataPointEntriesByCase">
    <error message="Failed to load ApplicationContext" type="java.lang.IllegalStateException">java.lang.IllegalStateException: Failed to load ApplicationContext
	at org.springframework.test.context.TestContext.getApplicationContext(TestContext.java:308)
	at org.springframework.test.context.support.DependencyInjectionTestExecutionListener.injectDependencies(DependencyInjectionTestExecutionListener.java:109)
	at org.springframework.test.context.support.DependencyInjectionTestExecutionListener.prepareTestInstance(DependencyInjectionTestExecutionListener.java:75)
	at org.springframework.test.context.TestContextManager.prepareTestInstance(TestContextManager.java:321)
	at org.springframework.test.context.junit4.SpringJUnit4ClassRunner.createTest(SpringJUnit4ClassRunner.java:220)
	at org.springframework.test.context.junit4.SpringJUnit4ClassRunner$1.runReflectiveCall(SpringJUnit4ClassRunner.java:301)
	at org.junit.internal.runners.model.ReflectiveCallable.run(ReflectiveCallable.java:15)
	at org.springframework.test.context.junit4.SpringJUnit4ClassRunner.methodBlock(SpringJUnit4ClassRunner.java:303)
	at org.springframework.test.context.junit4.SpringJUnit4ClassRunner.runChild(SpringJUnit4ClassRunner.java:240)
	at org.junit.runners.BlockJUnit4ClassRunner.runChild(BlockJUnit4ClassRunner.java:46)
	at org.junit.runners.ParentRunner.runChildren(ParentRunner.java:180)
	at org.junit.runners.ParentRunner.access$000(ParentRunner.java:41)
	at org.junit.runners.ParentRunner$1.evaluate(ParentRunner.java:173)
	at org.junit.internal.runners.statements.RunBefores.evaluate(RunBefores.java:28)
	at org.springframework.test.context.junit4.statements.RunBeforeTestClassCallbacks.evaluate(RunBeforeTestClassCallbacks.java:61)
	at org.junit.internal.runners.statements.RunAfters.evaluate(RunAfters.java:31)
	at org.springframework.test.context.junit4.statements.RunAfterTestClassCallbacks.evaluate(RunAfterTestClassCallbacks.java:70)
	at org.junit.runners.ParentRunner.run(ParentRunner.java:220)
	at org.springframework.test.context.junit4.SpringJUnit4ClassRunner.run(SpringJUnit4ClassRunner.java:180)
	at org.apache.maven.surefire.junit4.JUnit4TestSet.execute(JUnit4TestSet.java:35)
	at org.apache.maven.surefire.junit4.JUnit4Provider.executeTestSet(JUnit4Provider.java:115)
	at org.apache.maven.surefire.junit4.JUnit4Provider.invoke(JUnit4Provider.java:97)
	at sun.reflect.NativeMethodAccessorImpl.invoke0(Native Method)
	at sun.reflect.NativeMethodAccessorImpl.invoke(NativeMethodAccessorImpl.java:39)
	at sun.reflect.DelegatingMethodAccessorImpl.invoke(DelegatingMethodAccessorImpl.java:25)
	at java.lang.reflect.Method.invoke(Method.java:597)
	at org.apache.maven.surefire.booter.ProviderFactory$ClassLoaderProxy.invoke(ProviderFactory.java:103)
	at $Proxy0.invoke(Unknown Source)
	at org.apache.maven.surefire.booter.SurefireStarter.invokeProvider(SurefireStarter.java:150)
	at org.apache.maven.surefire.booter.SurefireStarter.runSuitesInProcess(SurefireStarter.java:91)
	at org.apache.maven.surefire.booter.ForkedBooter.main(ForkedBooter.java:69)
Caused by: org.springframework.beans.factory.BeanDefinitionStoreException: IOException parsing XML document from class path resource [com/teaminformatics/synodex/dao/impl/CaseDaoTest-context.xml]; nested exception is java.io.FileNotFoundException: class path resource [com/teaminformatics/synodex/dao/impl/CaseDaoTest-context.xml] cannot be opened because it does not exist
	at org.springframework.beans.factory.xml.XmlBeanDefinitionReader.loadBeanDefinitions(XmlBeanDefinitionReader.java:341)
	at org.springframework.beans.factory.xml.XmlBeanDefinitionReader.loadBeanDefinitions(XmlBeanDefinitionReader.java:302)
	at org.springframework.beans.factory.support.AbstractBeanDefinitionReader.loadBeanDefinitions(AbstractBeanDefinitionReader.java:174)
	at org.springframework.beans.factory.support.AbstractBeanDefinitionReader.loadBeanDefinitions(AbstractBeanDefinitionReader.java:209)
	at org.springframework.beans.factory.support.AbstractBeanDefinitionReader.loadBeanDefinitions(AbstractBeanDefinitionReader.java:180)
	at org.springframework.beans.factory.support.AbstractBeanDefinitionReader.loadBeanDefinitions(AbstractBeanDefinitionReader.java:243)
	at org.springframework.test.context.support.AbstractGenericContextLoader.loadContext(AbstractGenericContextLoader.java:81)
	at org.springframework.test.context.support.AbstractGenericContextLoader.loadContext(AbstractGenericContextLoader.java:1)
	at org.springframework.test.context.TestContext.loadApplicationContext(TestContext.java:280)
	at org.springframework.test.context.TestContext.getApplicationContext(TestContext.java:304)
	... 30 more
Caused by: java.io.FileNotFoundException: class path resource [com/teaminformatics/synodex/dao/impl/CaseDaoTest-context.xml] cannot be opened because it does not exist
	at org.springframework.core.io.ClassPathResource.getInputStream(ClassPathResource.java:158)
	at org.springframework.beans.factory.xml.XmlBeanDefinitionReader.loadBeanDefinitions(XmlBeanDefinitionReader.java:328)
	... 39 more
</error>
    <system-err>213 [main] INFO org.springframework.beans.factory.xml.XmlBeanDefinitionReader - Loading XML bean definitions from class path resource [com/teaminformatics/synodex/dao/impl/CaseDaoTest-context.xml]
214 [main] ERROR org.springframework.test.context.TestContextManager - Caught exception while allowing TestExecutionListener [org.springframework.test.context.support.DependencyInjectionTestExecutionListener@27b15692] to prepare test instance [com.teaminformatics.synodex.dao.impl.CaseDaoTest@3882764b]
java.lang.IllegalStateException: Failed to load ApplicationContext
	at org.springframework.test.context.TestContext.getApplicationContext(TestContext.java:308)
	at org.springframework.test.context.support.DependencyInjectionTestExecutionListener.injectDependencies(DependencyInjectionTestExecutionListener.java:109)
	at org.springframework.test.context.support.DependencyInjectionTestExecutionListener.prepareTestInstance(DependencyInjectionTestExecutionListener.java:75)
	at org.springframework.test.context.TestContextManager.prepareTestInstance(TestContextManager.java:321)
	at org.springframework.test.context.junit4.SpringJUnit4ClassRunner.createTest(SpringJUnit4ClassRunner.java:220)
	at org.springframework.test.context.junit4.SpringJUnit4ClassRunner$1.runReflectiveCall(SpringJUnit4ClassRunner.java:301)
	at org.junit.internal.runners.model.ReflectiveCallable.run(ReflectiveCallable.java:15)
	at org.springframework.test.context.junit4.SpringJUnit4ClassRunner.methodBlock(SpringJUnit4ClassRunner.java:303)
	at org.springframework.test.context.junit4.SpringJUnit4ClassRunner.runChild(SpringJUnit4ClassRunner.java:240)
	at org.junit.runners.BlockJUnit4ClassRunner.runChild(BlockJUnit4ClassRunner.java:46)
	at org.junit.runners.ParentRunner.runChildren(ParentRunner.java:180)
	at org.junit.runners.ParentRunner.access$000(ParentRunner.java:41)
	at org.junit.runners.ParentRunner$1.evaluate(ParentRunner.java:173)
	at org.junit.internal.runners.statements.RunBefores.evaluate(RunBefores.java:28)
	at org.springframework.test.context.junit4.statements.RunBeforeTestClassCallbacks.evaluate(RunBeforeTestClassCallbacks.java:61)
	at org.junit.internal.runners.statements.RunAfters.evaluate(RunAfters.java:31)
	at org.springframework.test.context.junit4.statements.RunAfterTestClassCallbacks.evaluate(RunAfterTestClassCallbacks.java:70)
	at org.junit.runners.ParentRunner.run(ParentRunner.java:220)
	at org.springframework.test.context.junit4.SpringJUnit4ClassRunner.run(SpringJUnit4ClassRunner.java:180)
	at org.apache.maven.surefire.junit4.JUnit4TestSet.execute(JUnit4TestSet.java:35)
	at org.apache.maven.surefire.junit4.JUnit4Provider.executeTestSet(JUnit4Provider.java:115)
	at org.apache.maven.surefire.junit4.JUnit4Provider.invoke(JUnit4Provider.java:97)
	at sun.reflect.NativeMethodAccessorImpl.invoke0(Native Method)
	at sun.reflect.NativeMethodAccessorImpl.invoke(NativeMethodAccessorImpl.java:39)
	at sun.reflect.DelegatingMethodAccessorImpl.invoke(DelegatingMethodAccessorImpl.java:25)
	at java.lang.reflect.Method.invoke(Method.java:597)
	at org.apache.maven.surefire.booter.ProviderFactory$ClassLoaderProxy.invoke(ProviderFactory.java:103)
	at $Proxy0.invoke(Unknown Source)
	at org.apache.maven.surefire.booter.SurefireStarter.invokeProvider(SurefireStarter.java:150)
	at org.apache.maven.surefire.booter.SurefireStarter.runSuitesInProcess(SurefireStarter.java:91)
	at org.apache.maven.surefire.booter.ForkedBooter.main(ForkedBooter.java:69)
Caused by: org.springframework.beans.factory.BeanDefinitionStoreException: IOException parsing XML document from class path resource [com/teaminformatics/synodex/dao/impl/CaseDaoTest-context.xml]; nested exception is java.io.FileNotFoundException: class path resource [com/teaminformatics/synodex/dao/impl/CaseDaoTest-context.xml] cannot be opened because it does not exist
	at org.springframework.beans.factory.xml.XmlBeanDefinitionReader.loadBeanDefinitions(XmlBeanDefinitionReader.java:341)
	at org.springframework.beans.factory.xml.XmlBeanDefinitionReader.loadBeanDefinitions(XmlBeanDefinitionReader.java:302)
	at org.springframework.beans.factory.support.AbstractBeanDefinitionReader.loadBeanDefinitions(AbstractBeanDefinitionReader.java:174)
	at org.springframework.beans.factory.support.AbstractBeanDefinitionReader.loadBeanDefinitions(AbstractBeanDefinitionReader.java:209)
	at org.springframework.beans.factory.support.AbstractBeanDefinitionReader.loadBeanDefinitions(AbstractBeanDefinitionReader.java:180)
	at org.springframework.beans.factory.support.AbstractBeanDefinitionReader.loadBeanDefinitions(AbstractBeanDefinitionReader.java:243)
	at org.springframework.test.context.support.AbstractGenericContextLoader.loadContext(AbstractGenericContextLoader.java:81)
	at org.springframework.test.context.support.AbstractGenericContextLoader.loadContext(AbstractGenericContextLoader.java:1)
	at org.springframework.test.context.TestContext.loadApplicationContext(TestContext.java:280)
	at org.springframework.test.context.TestContext.getApplicationContext(TestContext.java:304)
	... 30 more
Caused by: java.io.FileNotFoundException: class path resource [com/teaminformatics/synodex/dao/impl/CaseDaoTest-context.xml] cannot be opened because it does not exist
	at org.springframework.core.io.ClassPathResource.getInputStream(ClassPathResource.java:158)
	at org.springframework.beans.factory.xml.XmlBeanDefinitionReader.loadBeanDefinitions(XmlBeanDefinitionReader.java:328)
	... 39 more
</system-err>
  </testcase>
  <testcase time="0.018" classname="com.teaminformatics.synodex.dao.impl.CaseDaoTest" name="getLovValuesByLovId">
    <error message="Failed to load ApplicationContext" type="java.lang.IllegalStateException">java.lang.IllegalStateException: Failed to load ApplicationContext
	at org.springframework.test.context.TestContext.getApplicationContext(TestContext.java:308)
	at org.springframework.test.context.support.DependencyInjectionTestExecutionListener.injectDependencies(DependencyInjectionTestExecutionListener.java:109)
	at org.springframework.test.context.support.DependencyInjectionTestExecutionListener.prepareTestInstance(DependencyInjectionTestExecutionListener.java:75)
	at org.springframework.test.context.TestContextManager.prepareTestInstance(TestContextManager.java:321)
	at org.springframework.test.context.junit4.SpringJUnit4ClassRunner.createTest(SpringJUnit4ClassRunner.java:220)
	at org.springframework.test.context.junit4.SpringJUnit4ClassRunner$1.runReflectiveCall(SpringJUnit4ClassRunner.java:301)
	at org.junit.internal.runners.model.ReflectiveCallable.run(ReflectiveCallable.java:15)
	at org.springframework.test.context.junit4.SpringJUnit4ClassRunner.methodBlock(SpringJUnit4ClassRunner.java:303)
	at org.springframework.test.context.junit4.SpringJUnit4ClassRunner.runChild(SpringJUnit4ClassRunner.java:240)
	at org.junit.runners.BlockJUnit4ClassRunner.runChild(BlockJUnit4ClassRunner.java:46)
	at org.junit.runners.ParentRunner.runChildren(ParentRunner.java:180)
	at org.junit.runners.ParentRunner.access$000(ParentRunner.java:41)
	at org.junit.runners.ParentRunner$1.evaluate(ParentRunner.java:173)
	at org.junit.internal.runners.statements.RunBefores.evaluate(RunBefores.java:28)
	at org.springframework.test.context.junit4.statements.RunBeforeTestClassCallbacks.evaluate(RunBeforeTestClassCallbacks.java:61)
	at org.junit.internal.runners.statements.RunAfters.evaluate(RunAfters.java:31)
	at org.springframework.test.context.junit4.statements.RunAfterTestClassCallbacks.evaluate(RunAfterTestClassCallbacks.java:70)
	at org.junit.runners.ParentRunner.run(ParentRunner.java:220)
	at org.springframework.test.context.junit4.SpringJUnit4ClassRunner.run(SpringJUnit4ClassRunner.java:180)
	at org.apache.maven.surefire.junit4.JUnit4TestSet.execute(JUnit4TestSet.java:35)
	at org.apache.maven.surefire.junit4.JUnit4Provider.executeTestSet(JUnit4Provider.java:115)
	at org.apache.maven.surefire.junit4.JUnit4Provider.invoke(JUnit4Provider.java:97)
	at sun.reflect.NativeMethodAccessorImpl.invoke0(Native Method)
	at sun.reflect.NativeMethodAccessorImpl.invoke(NativeMethodAccessorImpl.java:39)
	at sun.reflect.DelegatingMethodAccessorImpl.invoke(DelegatingMethodAccessorImpl.java:25)
	at java.lang.reflect.Method.invoke(Method.java:597)
	at org.apache.maven.surefire.booter.ProviderFactory$ClassLoaderProxy.invoke(ProviderFactory.java:103)
	at $Proxy0.invoke(Unknown Source)
	at org.apache.maven.surefire.booter.SurefireStarter.invokeProvider(SurefireStarter.java:150)
	at org.apache.maven.surefire.booter.SurefireStarter.runSuitesInProcess(SurefireStarter.java:91)
	at org.apache.maven.surefire.booter.ForkedBooter.main(ForkedBooter.java:69)
Caused by: org.springframework.beans.factory.BeanDefinitionStoreException: IOException parsing XML document from class path resource [com/teaminformatics/synodex/dao/impl/CaseDaoTest-context.xml]; nested exception is java.io.FileNotFoundException: class path resource [com/teaminformatics/synodex/dao/impl/CaseDaoTest-context.xml] cannot be opened because it does not exist
	at org.springframework.beans.factory.xml.XmlBeanDefinitionReader.loadBeanDefinitions(XmlBeanDefinitionReader.java:341)
	at org.springframework.beans.factory.xml.XmlBeanDefinitionReader.loadBeanDefinitions(XmlBeanDefinitionReader.java:302)
	at org.springframework.beans.factory.support.AbstractBeanDefinitionReader.loadBeanDefinitions(AbstractBeanDefinitionReader.java:174)
	at org.springframework.beans.factory.support.AbstractBeanDefinitionReader.loadBeanDefinitions(AbstractBeanDefinitionReader.java:209)
	at org.springframework.beans.factory.support.AbstractBeanDefinitionReader.loadBeanDefinitions(AbstractBeanDefinitionReader.java:180)
	at org.springframework.beans.factory.support.AbstractBeanDefinitionReader.loadBeanDefinitions(AbstractBeanDefinitionReader.java:243)
	at org.springframework.test.context.support.AbstractGenericContextLoader.loadContext(AbstractGenericContextLoader.java:81)
	at org.springframework.test.context.support.AbstractGenericContextLoader.loadContext(AbstractGenericContextLoader.java:1)
	at org.springframework.test.context.TestContext.loadApplicationContext(TestContext.java:280)
	at org.springframework.test.context.TestContext.getApplicationContext(TestContext.java:304)
	... 30 more
Caused by: java.io.FileNotFoundException: class path resource [com/teaminformatics/synodex/dao/impl/CaseDaoTest-context.xml] cannot be opened because it does not exist
	at org.springframework.core.io.ClassPathResource.getInputStream(ClassPathResource.java:158)
	at org.springframework.beans.factory.xml.XmlBeanDefinitionReader.loadBeanDefinitions(XmlBeanDefinitionReader.java:328)
	... 39 more
</error>
    <system-err>236 [main] INFO org.springframework.beans.factory.xml.XmlBeanDefinitionReader - Loading XML bean definitions from class path resource [com/teaminformatics/synodex/dao/impl/CaseDaoTest-context.xml]
238 [main] ERROR org.springframework.test.context.TestContextManager - Caught exception while allowing TestExecutionListener [org.springframework.test.context.support.DependencyInjectionTestExecutionListener@27b15692] to prepare test instance [com.teaminformatics.synodex.dao.impl.CaseDaoTest@5bbf3d87]
java.lang.IllegalStateException: Failed to load ApplicationContext
	at org.springframework.test.context.TestContext.getApplicationContext(TestContext.java:308)
	at org.springframework.test.context.support.DependencyInjectionTestExecutionListener.injectDependencies(DependencyInjectionTestExecutionListener.java:109)
	at org.springframework.test.context.support.DependencyInjectionTestExecutionListener.prepareTestInstance(DependencyInjectionTestExecutionListener.java:75)
	at org.springframework.test.context.TestContextManager.prepareTestInstance(TestContextManager.java:321)
	at org.springframework.test.context.junit4.SpringJUnit4ClassRunner.createTest(SpringJUnit4ClassRunner.java:220)
	at org.springframework.test.context.junit4.SpringJUnit4ClassRunner$1.runReflectiveCall(SpringJUnit4ClassRunner.java:301)
	at org.junit.internal.runners.model.ReflectiveCallable.run(ReflectiveCallable.java:15)
	at org.springframework.test.context.junit4.SpringJUnit4ClassRunner.methodBlock(SpringJUnit4ClassRunner.java:303)
	at org.springframework.test.context.junit4.SpringJUnit4ClassRunner.runChild(SpringJUnit4ClassRunner.java:240)
	at org.junit.runners.BlockJUnit4ClassRunner.runChild(BlockJUnit4ClassRunner.java:46)
	at org.junit.runners.ParentRunner.runChildren(ParentRunner.java:180)
	at org.junit.runners.ParentRunner.access$000(ParentRunner.java:41)
	at org.junit.runners.ParentRunner$1.evaluate(ParentRunner.java:173)
	at org.junit.internal.runners.statements.RunBefores.evaluate(RunBefores.java:28)
	at org.springframework.test.context.junit4.statements.RunBeforeTestClassCallbacks.evaluate(RunBeforeTestClassCallbacks.java:61)
	at org.junit.internal.runners.statements.RunAfters.evaluate(RunAfters.java:31)
	at org.springframework.test.context.junit4.statements.RunAfterTestClassCallbacks.evaluate(RunAfterTestClassCallbacks.java:70)
	at org.junit.runners.ParentRunner.run(ParentRunner.java:220)
	at org.springframework.test.context.junit4.SpringJUnit4ClassRunner.run(SpringJUnit4ClassRunner.java:180)
	at org.apache.maven.surefire.junit4.JUnit4TestSet.execute(JUnit4TestSet.java:35)
	at org.apache.maven.surefire.junit4.JUnit4Provider.executeTestSet(JUnit4Provider.java:115)
	at org.apache.maven.surefire.junit4.JUnit4Provider.invoke(JUnit4Provider.java:97)
	at sun.reflect.NativeMethodAccessorImpl.invoke0(Native Method)
	at sun.reflect.NativeMethodAccessorImpl.invoke(NativeMethodAccessorImpl.java:39)
	at sun.reflect.DelegatingMethodAccessorImpl.invoke(DelegatingMethodAccessorImpl.java:25)
	at java.lang.reflect.Method.invoke(Method.java:597)
	at org.apache.maven.surefire.booter.ProviderFactory$ClassLoaderProxy.invoke(ProviderFactory.java:103)
	at $Proxy0.invoke(Unknown Source)
	at org.apache.maven.surefire.booter.SurefireStarter.invokeProvider(SurefireStarter.java:150)
	at org.apache.maven.surefire.booter.SurefireStarter.runSuitesInProcess(SurefireStarter.java:91)
	at org.apache.maven.surefire.booter.ForkedBooter.main(ForkedBooter.java:69)
Caused by: org.springframework.beans.factory.BeanDefinitionStoreException: IOException parsing XML document from class path resource [com/teaminformatics/synodex/dao/impl/CaseDaoTest-context.xml]; nested exception is java.io.FileNotFoundException: class path resource [com/teaminformatics/synodex/dao/impl/CaseDaoTest-context.xml] cannot be opened because it does not exist
	at org.springframework.beans.factory.xml.XmlBeanDefinitionReader.loadBeanDefinitions(XmlBeanDefinitionReader.java:341)
	at org.springframework.beans.factory.xml.XmlBeanDefinitionReader.loadBeanDefinitions(XmlBeanDefinitionReader.java:302)
	at org.springframework.beans.factory.support.AbstractBeanDefinitionReader.loadBeanDefinitions(AbstractBeanDefinitionReader.java:174)
	at org.springframework.beans.factory.support.AbstractBeanDefinitionReader.loadBeanDefinitions(AbstractBeanDefinitionReader.java:209)
	at org.springframework.beans.factory.support.AbstractBeanDefinitionReader.loadBeanDefinitions(AbstractBeanDefinitionReader.java:180)
	at org.springframework.beans.factory.support.AbstractBeanDefinitionReader.loadBeanDefinitions(AbstractBeanDefinitionReader.java:243)
	at org.springframework.test.context.support.AbstractGenericContextLoader.loadContext(AbstractGenericContextLoader.java:81)
	at org.springframework.test.context.support.AbstractGenericContextLoader.loadContext(AbstractGenericContextLoader.java:1)
	at org.springframework.test.context.TestContext.loadApplicationContext(TestContext.java:280)
	at org.springframework.test.context.TestContext.getApplicationContext(TestContext.java:304)
	... 30 more
Caused by: java.io.FileNotFoundException: class path resource [com/teaminformatics/synodex/dao/impl/CaseDaoTest-context.xml] cannot be opened because it does not exist
	at org.springframework.core.io.ClassPathResource.getInputStream(ClassPathResource.java:158)
	at org.springframework.beans.factory.xml.XmlBeanDefinitionReader.loadBeanDefinitions(XmlBeanDefinitionReader.java:328)
	... 39 more
</system-err>
  </testcase>
  <testcase time="0.012" classname="com.teaminformatics.synodex.dao.impl.CaseDaoTest" name="getDataPointEntriesBegEndSection">
    <error message="Failed to load ApplicationContext" type="java.lang.IllegalStateException">java.lang.IllegalStateException: Failed to load ApplicationContext
	at org.springframework.test.context.TestContext.getApplicationContext(TestContext.java:308)
	at org.springframework.test.context.support.DependencyInjectionTestExecutionListener.injectDependencies(DependencyInjectionTestExecutionListener.java:109)
	at org.springframework.test.context.support.DependencyInjectionTestExecutionListener.prepareTestInstance(DependencyInjectionTestExecutionListener.java:75)
	at org.springframework.test.context.TestContextManager.prepareTestInstance(TestContextManager.java:321)
	at org.springframework.test.context.junit4.SpringJUnit4ClassRunner.createTest(SpringJUnit4ClassRunner.java:220)
	at org.springframework.test.context.junit4.SpringJUnit4ClassRunner$1.runReflectiveCall(SpringJUnit4ClassRunner.java:301)
	at org.junit.internal.runners.model.ReflectiveCallable.run(ReflectiveCallable.java:15)
	at org.springframework.test.context.junit4.SpringJUnit4ClassRunner.methodBlock(SpringJUnit4ClassRunner.java:303)
	at org.springframework.test.context.junit4.SpringJUnit4ClassRunner.runChild(SpringJUnit4ClassRunner.java:240)
	at org.junit.runners.BlockJUnit4ClassRunner.runChild(BlockJUnit4ClassRunner.java:46)
	at org.junit.runners.ParentRunner.runChildren(ParentRunner.java:180)
	at org.junit.runners.ParentRunner.access$000(ParentRunner.java:41)
	at org.junit.runners.ParentRunner$1.evaluate(ParentRunner.java:173)
	at org.junit.internal.runners.statements.RunBefores.evaluate(RunBefores.java:28)
	at org.springframework.test.context.junit4.statements.RunBeforeTestClassCallbacks.evaluate(RunBeforeTestClassCallbacks.java:61)
	at org.junit.internal.runners.statements.RunAfters.evaluate(RunAfters.java:31)
	at org.springframework.test.context.junit4.statements.RunAfterTestClassCallbacks.evaluate(RunAfterTestClassCallbacks.java:70)
	at org.junit.runners.ParentRunner.run(ParentRunner.java:220)
	at org.springframework.test.context.junit4.SpringJUnit4ClassRunner.run(SpringJUnit4ClassRunner.java:180)
	at org.apache.maven.surefire.junit4.JUnit4TestSet.execute(JUnit4TestSet.java:35)
	at org.apache.maven.surefire.junit4.JUnit4Provider.executeTestSet(JUnit4Provider.java:115)
	at org.apache.maven.surefire.junit4.JUnit4Provider.invoke(JUnit4Provider.java:97)
	at sun.reflect.NativeMethodAccessorImpl.invoke0(Native Method)
	at sun.reflect.NativeMethodAccessorImpl.invoke(NativeMethodAccessorImpl.java:39)
	at sun.reflect.DelegatingMethodAccessorImpl.invoke(DelegatingMethodAccessorImpl.java:25)
	at java.lang.reflect.Method.invoke(Method.java:597)
	at org.apache.maven.surefire.booter.ProviderFactory$ClassLoaderProxy.invoke(ProviderFactory.java:103)
	at $Proxy0.invoke(Unknown Source)
	at org.apache.maven.surefire.booter.SurefireStarter.invokeProvider(SurefireStarter.java:150)
	at org.apache.maven.surefire.booter.SurefireStarter.runSuitesInProcess(SurefireStarter.java:91)
	at org.apache.maven.surefire.booter.ForkedBooter.main(ForkedBooter.java:69)
Caused by: org.springframework.beans.factory.BeanDefinitionStoreException: IOException parsing XML document from class path resource [com/teaminformatics/synodex/dao/impl/CaseDaoTest-context.xml]; nested exception is java.io.FileNotFoundException: class path resource [com/teaminformatics/synodex/dao/impl/CaseDaoTest-context.xml] cannot be opened because it does not exist
	at org.springframework.beans.factory.xml.XmlBeanDefinitionReader.loadBeanDefinitions(XmlBeanDefinitionReader.java:341)
	at org.springframework.beans.factory.xml.XmlBeanDefinitionReader.loadBeanDefinitions(XmlBeanDefinitionReader.java:302)
	at org.springframework.beans.factory.support.AbstractBeanDefinitionReader.loadBeanDefinitions(AbstractBeanDefinitionReader.java:174)
	at org.springframework.beans.factory.support.AbstractBeanDefinitionReader.loadBeanDefinitions(AbstractBeanDefinitionReader.java:209)
	at org.springframework.beans.factory.support.AbstractBeanDefinitionReader.loadBeanDefinitions(AbstractBeanDefinitionReader.java:180)
	at org.springframework.beans.factory.support.AbstractBeanDefinitionReader.loadBeanDefinitions(AbstractBeanDefinitionReader.java:243)
	at org.springframework.test.context.support.AbstractGenericContextLoader.loadContext(AbstractGenericContextLoader.java:81)
	at org.springframework.test.context.support.AbstractGenericContextLoader.loadContext(AbstractGenericContextLoader.java:1)
	at org.springframework.test.context.TestContext.loadApplicationContext(TestContext.java:280)
	at org.springframework.test.context.TestContext.getApplicationContext(TestContext.java:304)
	... 30 more
Caused by: java.io.FileNotFoundException: class path resource [com/teaminformatics/synodex/dao/impl/CaseDaoTest-context.xml] cannot be opened because it does not exist
	at org.springframework.core.io.ClassPathResource.getInputStream(ClassPathResource.java:158)
	at org.springframework.beans.factory.xml.XmlBeanDefinitionReader.loadBeanDefinitions(XmlBeanDefinitionReader.java:328)
	... 39 more
</error>
    <system-err>255 [main] INFO org.springframework.beans.factory.xml.XmlBeanDefinitionReader - Loading XML bean definitions from class path resource [com/teaminformatics/synodex/dao/impl/CaseDaoTest-context.xml]
256 [main] ERROR org.springframework.test.context.TestContextManager - Caught exception while allowing TestExecutionListener [org.springframework.test.context.support.DependencyInjectionTestExecutionListener@27b15692] to prepare test instance [com.teaminformatics.synodex.dao.impl.CaseDaoTest@1de4f7c2]
java.lang.IllegalStateException: Failed to load ApplicationContext
	at org.springframework.test.context.TestContext.getApplicationContext(TestContext.java:308)
	at org.springframework.test.context.support.DependencyInjectionTestExecutionListener.injectDependencies(DependencyInjectionTestExecutionListener.java:109)
	at org.springframework.test.context.support.DependencyInjectionTestExecutionListener.prepareTestInstance(DependencyInjectionTestExecutionListener.java:75)
	at org.springframework.test.context.TestContextManager.prepareTestInstance(TestContextManager.java:321)
	at org.springframework.test.context.junit4.SpringJUnit4ClassRunner.createTest(SpringJUnit4ClassRunner.java:220)
	at org.springframework.test.context.junit4.SpringJUnit4ClassRunner$1.runReflectiveCall(SpringJUnit4ClassRunner.java:301)
	at org.junit.internal.runners.model.ReflectiveCallable.run(ReflectiveCallable.java:15)
	at org.springframework.test.context.junit4.SpringJUnit4ClassRunner.methodBlock(SpringJUnit4ClassRunner.java:303)
	at org.springframework.test.context.junit4.SpringJUnit4ClassRunner.runChild(SpringJUnit4ClassRunner.java:240)
	at org.junit.runners.BlockJUnit4ClassRunner.runChild(BlockJUnit4ClassRunner.java:46)
	at org.junit.runners.ParentRunner.runChildren(ParentRunner.java:180)
	at org.junit.runners.ParentRunner.access$000(ParentRunner.java:41)
	at org.junit.runners.ParentRunner$1.evaluate(ParentRunner.java:173)
	at org.junit.internal.runners.statements.RunBefores.evaluate(RunBefores.java:28)
	at org.springframework.test.context.junit4.statements.RunBeforeTestClassCallbacks.evaluate(RunBeforeTestClassCallbacks.java:61)
	at org.junit.internal.runners.statements.RunAfters.evaluate(RunAfters.java:31)
	at org.springframework.test.context.junit4.statements.RunAfterTestClassCallbacks.evaluate(RunAfterTestClassCallbacks.java:70)
	at org.junit.runners.ParentRunner.run(ParentRunner.java:220)
	at org.springframework.test.context.junit4.SpringJUnit4ClassRunner.run(SpringJUnit4ClassRunner.java:180)
	at org.apache.maven.surefire.junit4.JUnit4TestSet.execute(JUnit4TestSet.java:35)
	at org.apache.maven.surefire.junit4.JUnit4Provider.executeTestSet(JUnit4Provider.java:115)
	at org.apache.maven.surefire.junit4.JUnit4Provider.invoke(JUnit4Provider.java:97)
	at sun.reflect.NativeMethodAccessorImpl.invoke0(Native Method)
	at sun.reflect.NativeMethodAccessorImpl.invoke(NativeMethodAccessorImpl.java:39)
	at sun.reflect.DelegatingMethodAccessorImpl.invoke(DelegatingMethodAccessorImpl.java:25)
	at java.lang.reflect.Method.invoke(Method.java:597)
	at org.apache.maven.surefire.booter.ProviderFactory$ClassLoaderProxy.invoke(ProviderFactory.java:103)
	at $Proxy0.invoke(Unknown Source)
	at org.apache.maven.surefire.booter.SurefireStarter.invokeProvider(SurefireStarter.java:150)
	at org.apache.maven.surefire.booter.SurefireStarter.runSuitesInProcess(SurefireStarter.java:91)
	at org.apache.maven.surefire.booter.ForkedBooter.main(ForkedBooter.java:69)
Caused by: org.springframework.beans.factory.BeanDefinitionStoreException: IOException parsing XML document from class path resource [com/teaminformatics/synodex/dao/impl/CaseDaoTest-context.xml]; nested exception is java.io.FileNotFoundException: class path resource [com/teaminformatics/synodex/dao/impl/CaseDaoTest-context.xml] cannot be opened because it does not exist
	at org.springframework.beans.factory.xml.XmlBeanDefinitionReader.loadBeanDefinitions(XmlBeanDefinitionReader.java:341)
	at org.springframework.beans.factory.xml.XmlBeanDefinitionReader.loadBeanDefinitions(XmlBeanDefinitionReader.java:302)
	at org.springframework.beans.factory.support.AbstractBeanDefinitionReader.loadBeanDefinitions(AbstractBeanDefinitionReader.java:174)
	at org.springframework.beans.factory.support.AbstractBeanDefinitionReader.loadBeanDefinitions(AbstractBeanDefinitionReader.java:209)
	at org.springframework.beans.factory.support.AbstractBeanDefinitionReader.loadBeanDefinitions(AbstractBeanDefinitionReader.java:180)
	at org.springframework.beans.factory.support.AbstractBeanDefinitionReader.loadBeanDefinitions(AbstractBeanDefinitionReader.java:243)
	at org.springframework.test.context.support.AbstractGenericContextLoader.loadContext(AbstractGenericContextLoader.java:81)
	at org.springframework.test.context.support.AbstractGenericContextLoader.loadContext(AbstractGenericContextLoader.java:1)
	at org.springframework.test.context.TestContext.loadApplicationContext(TestContext.java:280)
	at org.springframework.test.context.TestContext.getApplicationContext(TestContext.java:304)
	... 30 more
Caused by: java.io.FileNotFoundException: class path resource [com/teaminformatics/synodex/dao/impl/CaseDaoTest-context.xml] cannot be opened because it does not exist
	at org.springframework.core.io.ClassPathResource.getInputStream(ClassPathResource.java:158)
	at org.springframework.beans.factory.xml.XmlBeanDefinitionReader.loadBeanDefinitions(XmlBeanDefinitionReader.java:328)
	... 39 more
</system-err>
  </testcase>
</testsuite>